2023-07-15 16:20:43 error: mutation:createOnePermission by:anonymous E11000 duplicate key error collection: support-gpt.permissions index: name_1 dup key: { name: "ExamplePermission" } - Stacktrace: MongoServerError: E11000 duplicate key error collection: support-gpt.permissions index: name_1 dup key: { name: "ExamplePermission" }
    at /home/alex-sondeos/Desktop/vuelders/node_modules/mongodb/lib/operations/insert.js:50:33
    at /home/alex-sondeos/Desktop/vuelders/node_modules/mongodb/lib/cmap/connection_pool.js:331:21
    at /home/alex-sondeos/Desktop/vuelders/node_modules/mongodb/lib/sdam/server.js:207:17
    at handleOperationResult (/home/alex-sondeos/Desktop/vuelders/node_modules/mongodb/lib/sdam/server.js:335:20)
    at Connection.onMessage (/home/alex-sondeos/Desktop/vuelders/node_modules/mongodb/lib/cmap/connection.js:206:9)
    at MessageStream.<anonymous> (/home/alex-sondeos/Desktop/vuelders/node_modules/mongodb/lib/cmap/connection.js:61:60)
    at MessageStream.emit (node:events:511:28)
    at processIncomingData (/home/alex-sondeos/Desktop/vuelders/node_modules/mongodb/lib/cmap/message_stream.js:124:16)
    at MessageStream._write (/home/alex-sondeos/Desktop/vuelders/node_modules/mongodb/lib/cmap/message_stream.js:33:9)
    at writeOrBuffer (node:internal/streams/writable:399:12)
2023-07-15 16:21:00 error: mutation:createOnePermission by:anonymous Cannot return null for non-nullable field Permission.Id. - Stacktrace: Error: Cannot return null for non-nullable field Permission.Id.
    at completeValue (/home/alex-sondeos/Desktop/vuelders/node_modules/graphql/execution/execute.js:605:13)
    at executeField (/home/alex-sondeos/Desktop/vuelders/node_modules/graphql/execution/execute.js:500:19)
    at executeFields (/home/alex-sondeos/Desktop/vuelders/node_modules/graphql/execution/execute.js:414:22)
    at completeObjectValue (/home/alex-sondeos/Desktop/vuelders/node_modules/graphql/execution/execute.js:925:10)
    at completeValue (/home/alex-sondeos/Desktop/vuelders/node_modules/graphql/execution/execute.js:646:12)
    at /home/alex-sondeos/Desktop/vuelders/node_modules/graphql/execution/execute.js:497:9
    at process.processTicksAndRejections (node:internal/process/task_queues:95:5)
    at async execute (file:///home/alex-sondeos/Desktop/vuelders/node_modules/@apollo/server/dist/esm/requestPipeline.js:226:37)
    at async processGraphQLRequest (file:///home/alex-sondeos/Desktop/vuelders/node_modules/@apollo/server/dist/esm/requestPipeline.js:155:32)
    at async internalExecuteOperation (file:///home/alex-sondeos/Desktop/vuelders/node_modules/@apollo/server/dist/esm/ApolloServer.js:602:16)
2023-07-15 16:27:48 error: mutation:unassignPermissionToRole by:anonymous Permissions is not defined - Stacktrace: ReferenceError: Permissions is not defined
    at RoleAndPermissionRepository.unassignPermissionToRole (file:///home/alex-sondeos/Desktop/vuelders/packages/authorization/authorization-backend/src/repositories/RoleAndPermissionsRepository.js:66:36)
    at unassignPermissionToRole (file:///home/alex-sondeos/Desktop/vuelders/packages/authorization/authorization-backend/src/services/RoleAndPermissionsServices.js:37:50)
    at RoleAndPermissionsMutations.unassignPermissionToRole (file:///home/alex-sondeos/Desktop/vuelders/packages/authorization/authorization-backend/src/graphql/resolvers/roleAndPermissionsResolvers.js:53:22)
    at field.resolve (file:///home/alex-sondeos/Desktop/vuelders/node_modules/@apollo/server/dist/esm/utils/schemaInstrumentation.js:36:28)
    at executeField (/home/alex-sondeos/Desktop/vuelders/node_modules/graphql/execution/execute.js:492:20)
    at /home/alex-sondeos/Desktop/vuelders/node_modules/graphql/execution/execute.js:377:22
    at promiseReduce (/home/alex-sondeos/Desktop/vuelders/node_modules/graphql/jsutils/promiseReduce.js:23:9)
    at executeFieldsSerially (/home/alex-sondeos/Desktop/vuelders/node_modules/graphql/execution/execute.js:373:43)
    at executeOperation (/home/alex-sondeos/Desktop/vuelders/node_modules/graphql/execution/execute.js:347:14)
    at execute (/home/alex-sondeos/Desktop/vuelders/node_modules/graphql/execution/execute.js:136:20)
2023-07-15 16:31:56 error: mutation:assignRoleToUser by:anonymous ID cannot represent value: { type: "Buffer", data: [Array] } - Stacktrace: GraphQLError: ID cannot represent value: { type: "Buffer", data: [Array] }
    at GraphQLScalarType.serialize (/home/alex-sondeos/Desktop/vuelders/node_modules/graphql/type/scalars.js:301:11)
    at completeLeafValue (/home/alex-sondeos/Desktop/vuelders/node_modules/graphql/execution/execute.js:749:39)
    at completeValue (/home/alex-sondeos/Desktop/vuelders/node_modules/graphql/execution/execute.js:630:12)
    at completeValue (/home/alex-sondeos/Desktop/vuelders/node_modules/graphql/execution/execute.js:595:23)
    at executeField (/home/alex-sondeos/Desktop/vuelders/node_modules/graphql/execution/execute.js:500:19)
    at executeFields (/home/alex-sondeos/Desktop/vuelders/node_modules/graphql/execution/execute.js:414:22)
    at completeObjectValue (/home/alex-sondeos/Desktop/vuelders/node_modules/graphql/execution/execute.js:925:10)
    at completeValue (/home/alex-sondeos/Desktop/vuelders/node_modules/graphql/execution/execute.js:646:12)
    at executeField (/home/alex-sondeos/Desktop/vuelders/node_modules/graphql/execution/execute.js:500:19)
    at executeFields (/home/alex-sondeos/Desktop/vuelders/node_modules/graphql/execution/execute.js:414:22)
2023-07-15 16:36:15 error: query:userFindById by:anonymous Token user is not received in req options - Stacktrace: Error: Token user is not received in req options
    at Object.findByIdMiddleware (file:///home/alex-sondeos/Desktop/vuelders/packages/authorization/authorization-backend/src/middlewares/userMiddlewares.js:6:52)
    at BaseQueries.<computed> [as userFindById] (file:///home/alex-sondeos/Desktop/vuelders/packages/common/common-backend/src/modules/base/graphql/resolvers/BaseResolvers.js:12:81)
    at field.resolve (file:///home/alex-sondeos/Desktop/vuelders/node_modules/@apollo/server/dist/esm/utils/schemaInstrumentation.js:36:28)
    at executeField (/home/alex-sondeos/Desktop/vuelders/node_modules/graphql/execution/execute.js:492:20)
    at executeFields (/home/alex-sondeos/Desktop/vuelders/node_modules/graphql/execution/execute.js:414:22)
    at executeOperation (/home/alex-sondeos/Desktop/vuelders/node_modules/graphql/execution/execute.js:344:14)
    at execute (/home/alex-sondeos/Desktop/vuelders/node_modules/graphql/execution/execute.js:136:20)
    at executeIncrementally (file:///home/alex-sondeos/Desktop/vuelders/node_modules/@apollo/server/dist/esm/incrementalDeliveryPolyfill.js:21:12)
    at process.processTicksAndRejections (node:internal/process/task_queues:95:5)
    at async execute (file:///home/alex-sondeos/Desktop/vuelders/node_modules/@apollo/server/dist/esm/requestPipeline.js:226:37)
2023-07-15 16:39:12 error: query:userFindById by:anonymous Token user is not received in req options - Stacktrace: Error: Token user is not received in req options
    at Object.findByIdMiddleware (file:///home/alex-sondeos/Desktop/vuelders/packages/authorization/authorization-backend/src/middlewares/userMiddlewares.js:6:52)
    at BaseQueries.<computed> [as userFindById] (file:///home/alex-sondeos/Desktop/vuelders/packages/common/common-backend/src/modules/base/graphql/resolvers/BaseResolvers.js:12:81)
    at field.resolve (file:///home/alex-sondeos/Desktop/vuelders/node_modules/@apollo/server/dist/esm/utils/schemaInstrumentation.js:36:28)
    at executeField (/home/alex-sondeos/Desktop/vuelders/node_modules/graphql/execution/execute.js:492:20)
    at executeFields (/home/alex-sondeos/Desktop/vuelders/node_modules/graphql/execution/execute.js:414:22)
    at executeOperation (/home/alex-sondeos/Desktop/vuelders/node_modules/graphql/execution/execute.js:344:14)
    at execute (/home/alex-sondeos/Desktop/vuelders/node_modules/graphql/execution/execute.js:136:20)
    at executeIncrementally (file:///home/alex-sondeos/Desktop/vuelders/node_modules/@apollo/server/dist/esm/incrementalDeliveryPolyfill.js:21:12)
    at process.processTicksAndRejections (node:internal/process/task_queues:95:5)
    at async execute (file:///home/alex-sondeos/Desktop/vuelders/node_modules/@apollo/server/dist/esm/requestPipeline.js:226:37)
2023-07-15 16:39:37 error: query:userFindById by:anonymous Token user is not received in req options - Stacktrace: Error: Token user is not received in req options
    at Object.findByIdMiddleware (file:///home/alex-sondeos/Desktop/vuelders/packages/authorization/authorization-backend/src/middlewares/userMiddlewares.js:6:52)
    at BaseQueries.<computed> [as userFindById] (file:///home/alex-sondeos/Desktop/vuelders/packages/common/common-backend/src/modules/base/graphql/resolvers/BaseResolvers.js:12:81)
    at field.resolve (file:///home/alex-sondeos/Desktop/vuelders/node_modules/@apollo/server/dist/esm/utils/schemaInstrumentation.js:36:28)
    at executeField (/home/alex-sondeos/Desktop/vuelders/node_modules/graphql/execution/execute.js:492:20)
    at executeFields (/home/alex-sondeos/Desktop/vuelders/node_modules/graphql/execution/execute.js:414:22)
    at executeOperation (/home/alex-sondeos/Desktop/vuelders/node_modules/graphql/execution/execute.js:344:14)
    at execute (/home/alex-sondeos/Desktop/vuelders/node_modules/graphql/execution/execute.js:136:20)
    at executeIncrementally (file:///home/alex-sondeos/Desktop/vuelders/node_modules/@apollo/server/dist/esm/incrementalDeliveryPolyfill.js:21:12)
    at process.processTicksAndRejections (node:internal/process/task_queues:95:5)
    at async execute (file:///home/alex-sondeos/Desktop/vuelders/node_modules/@apollo/server/dist/esm/requestPipeline.js:226:37)
2023-07-15 16:40:51 error: query:userFindById by:anonymous Cannot read properties of undefined (reading 'token') - Stacktrace: TypeError: Cannot read properties of undefined (reading 'token')
    at Object.findByIdMiddleware (file:///home/alex-sondeos/Desktop/vuelders/packages/authorization/authorization-backend/src/middlewares/userMiddlewares.js:7:71)
    at BaseQueries.<computed> [as userFindById] (file:///home/alex-sondeos/Desktop/vuelders/packages/common/common-backend/src/modules/base/graphql/resolvers/BaseResolvers.js:12:81)
    at field.resolve (file:///home/alex-sondeos/Desktop/vuelders/node_modules/@apollo/server/dist/esm/utils/schemaInstrumentation.js:36:28)
    at executeField (/home/alex-sondeos/Desktop/vuelders/node_modules/graphql/execution/execute.js:492:20)
    at executeFields (/home/alex-sondeos/Desktop/vuelders/node_modules/graphql/execution/execute.js:414:22)
    at executeOperation (/home/alex-sondeos/Desktop/vuelders/node_modules/graphql/execution/execute.js:344:14)
    at execute (/home/alex-sondeos/Desktop/vuelders/node_modules/graphql/execution/execute.js:136:20)
    at executeIncrementally (file:///home/alex-sondeos/Desktop/vuelders/node_modules/@apollo/server/dist/esm/incrementalDeliveryPolyfill.js:21:12)
    at process.processTicksAndRejections (node:internal/process/task_queues:95:5)
    at async execute (file:///home/alex-sondeos/Desktop/vuelders/node_modules/@apollo/server/dist/esm/requestPipeline.js:226:37)
2023-07-15 16:41:23 error: query:userFindById by:anonymous Cannot read properties of undefined (reading 'token') - Stacktrace: TypeError: Cannot read properties of undefined (reading 'token')
    at Object.findByIdMiddleware (file:///home/alex-sondeos/Desktop/vuelders/packages/authorization/authorization-backend/src/middlewares/userMiddlewares.js:8:71)
    at BaseQueries.<computed> [as userFindById] (file:///home/alex-sondeos/Desktop/vuelders/packages/common/common-backend/src/modules/base/graphql/resolvers/BaseResolvers.js:12:81)
    at field.resolve (file:///home/alex-sondeos/Desktop/vuelders/node_modules/@apollo/server/dist/esm/utils/schemaInstrumentation.js:36:28)
    at executeField (/home/alex-sondeos/Desktop/vuelders/node_modules/graphql/execution/execute.js:492:20)
    at executeFields (/home/alex-sondeos/Desktop/vuelders/node_modules/graphql/execution/execute.js:414:22)
    at executeOperation (/home/alex-sondeos/Desktop/vuelders/node_modules/graphql/execution/execute.js:344:14)
    at execute (/home/alex-sondeos/Desktop/vuelders/node_modules/graphql/execution/execute.js:136:20)
    at executeIncrementally (file:///home/alex-sondeos/Desktop/vuelders/node_modules/@apollo/server/dist/esm/incrementalDeliveryPolyfill.js:21:12)
    at process.processTicksAndRejections (node:internal/process/task_queues:95:5)
    at async execute (file:///home/alex-sondeos/Desktop/vuelders/node_modules/@apollo/server/dist/esm/requestPipeline.js:226:37)
2023-07-15 16:45:18 error: mutation: by:anonymous Variable "$role" of required type "String!" was not provided. - Stacktrace: GraphQLError: Variable "$role" of required type "String!" was not provided.
    at coerceVariableValues (/home/alex-sondeos/Desktop/vuelders/node_modules/graphql/execution/values.js:105:11)
    at getVariableValues (/home/alex-sondeos/Desktop/vuelders/node_modules/graphql/execution/values.js:45:21)
    at buildExecutionContext (/home/alex-sondeos/Desktop/vuelders/node_modules/graphql/execution/execute.js:280:63)
    at execute (/home/alex-sondeos/Desktop/vuelders/node_modules/graphql/execution/execute.js:116:22)
    at executeIncrementally (file:///home/alex-sondeos/Desktop/vuelders/node_modules/@apollo/server/dist/esm/incrementalDeliveryPolyfill.js:21:12)
    at process.processTicksAndRejections (node:internal/process/task_queues:95:5)
    at async execute (file:///home/alex-sondeos/Desktop/vuelders/node_modules/@apollo/server/dist/esm/requestPipeline.js:226:37)
    at async processGraphQLRequest (file:///home/alex-sondeos/Desktop/vuelders/node_modules/@apollo/server/dist/esm/requestPipeline.js:155:32)
    at async internalExecuteOperation (file:///home/alex-sondeos/Desktop/vuelders/node_modules/@apollo/server/dist/esm/ApolloServer.js:602:16)
    at async runHttpQuery (file:///home/alex-sondeos/Desktop/vuelders/node_modules/@apollo/server/dist/esm/runHttpQuery.js:129:29)
2023-07-15 16:46:45 error: query:userFindById by:anonymous Invalid token - Stacktrace: Error: Invalid token
    at JWT.verifyToken (file:///home/alex-sondeos/Desktop/vuelders/packages/common/common-backend/src/modules/base/handlers/JwtHandler.js:27:19)
    at getRoleFromUserTokenService (file:///home/alex-sondeos/Desktop/vuelders/packages/authorization/authorization-backend/src/services/UserServices.js:44:26)
    at Object.findByIdMiddleware (file:///home/alex-sondeos/Desktop/vuelders/packages/authorization/authorization-backend/src/middlewares/userMiddlewares.js:8:34)
    at BaseQueries.<computed> [as userFindById] (file:///home/alex-sondeos/Desktop/vuelders/packages/common/common-backend/src/modules/base/graphql/resolvers/BaseResolvers.js:12:81)
    at field.resolve (file:///home/alex-sondeos/Desktop/vuelders/node_modules/@apollo/server/dist/esm/utils/schemaInstrumentation.js:36:28)
    at executeField (/home/alex-sondeos/Desktop/vuelders/node_modules/graphql/execution/execute.js:492:20)
    at executeFields (/home/alex-sondeos/Desktop/vuelders/node_modules/graphql/execution/execute.js:414:22)
    at executeOperation (/home/alex-sondeos/Desktop/vuelders/node_modules/graphql/execution/execute.js:344:14)
    at execute (/home/alex-sondeos/Desktop/vuelders/node_modules/graphql/execution/execute.js:136:20)
    at executeIncrementally (file:///home/alex-sondeos/Desktop/vuelders/node_modules/@apollo/server/dist/esm/incrementalDeliveryPolyfill.js:21:12)
2023-07-15 21:02:16 error: query:userFetch by:anonymous Invalid token - Stacktrace: Error: Invalid token
    at JWT.verifyToken (file:///home/alex-sondeos/Desktop/vuelders/packages/common/common-backend/src/modules/base/handlers/JwtHandler.js:27:19)
    at getPermissionsFromUserToken (file:///home/alex-sondeos/Desktop/vuelders/packages/authorization/authorization-backend/src/services/UserServices.js:44:26)
    at Object.fetchMiddleware (file:///home/alex-sondeos/Desktop/vuelders/packages/authorization/authorization-backend/src/middlewares/userMiddlewares.js:24:16)
    at BaseQueries.<computed> [as userFetch] (file:///home/alex-sondeos/Desktop/vuelders/packages/common/common-backend/src/modules/base/graphql/resolvers/BaseResolvers.js:17:78)
    at field.resolve (file:///home/alex-sondeos/Desktop/vuelders/node_modules/@apollo/server/dist/esm/utils/schemaInstrumentation.js:36:28)
    at executeField (/home/alex-sondeos/Desktop/vuelders/node_modules/graphql/execution/execute.js:492:20)
    at executeFields (/home/alex-sondeos/Desktop/vuelders/node_modules/graphql/execution/execute.js:414:22)
    at executeOperation (/home/alex-sondeos/Desktop/vuelders/node_modules/graphql/execution/execute.js:344:14)
    at execute (/home/alex-sondeos/Desktop/vuelders/node_modules/graphql/execution/execute.js:136:20)
    at executeIncrementally (file:///home/alex-sondeos/Desktop/vuelders/node_modules/@apollo/server/dist/esm/incrementalDeliveryPolyfill.js:21:12)
2023-07-15 21:03:22 error: query:userFetch by:anonymous Invalid token - Stacktrace: Error: Invalid token
    at JWT.verifyToken (file:///home/alex-sondeos/Desktop/vuelders/packages/common/common-backend/src/modules/base/handlers/JwtHandler.js:27:19)
    at getPermissionsFromUserToken (file:///home/alex-sondeos/Desktop/vuelders/packages/authorization/authorization-backend/src/services/UserServices.js:45:26)
    at Object.fetchMiddleware (file:///home/alex-sondeos/Desktop/vuelders/packages/authorization/authorization-backend/src/middlewares/userMiddlewares.js:24:16)
    at BaseQueries.<computed> [as userFetch] (file:///home/alex-sondeos/Desktop/vuelders/packages/common/common-backend/src/modules/base/graphql/resolvers/BaseResolvers.js:17:78)
    at field.resolve (file:///home/alex-sondeos/Desktop/vuelders/node_modules/@apollo/server/dist/esm/utils/schemaInstrumentation.js:36:28)
    at executeField (/home/alex-sondeos/Desktop/vuelders/node_modules/graphql/execution/execute.js:492:20)
    at executeFields (/home/alex-sondeos/Desktop/vuelders/node_modules/graphql/execution/execute.js:414:22)
    at executeOperation (/home/alex-sondeos/Desktop/vuelders/node_modules/graphql/execution/execute.js:344:14)
    at execute (/home/alex-sondeos/Desktop/vuelders/node_modules/graphql/execution/execute.js:136:20)
    at executeIncrementally (file:///home/alex-sondeos/Desktop/vuelders/node_modules/@apollo/server/dist/esm/incrementalDeliveryPolyfill.js:21:12)
2023-07-15 21:04:34 error: query:userFetch by:anonymous insufficient permissions - Stacktrace: Error: insufficient permissions
    at Object.fetchMiddleware (file:///home/alex-sondeos/Desktop/vuelders/packages/authorization/authorization-backend/src/middlewares/userMiddlewares.js:24:84)
    at process.processTicksAndRejections (node:internal/process/task_queues:95:5)
    at async BaseQueries.<computed> [as userFetch] (file:///home/alex-sondeos/Desktop/vuelders/packages/common/common-backend/src/modules/base/graphql/resolvers/BaseResolvers.js:17:60)
2023-07-15 21:05:29 error: query:userFetch by:anonymous insufficient permissions - Stacktrace: Error: insufficient permissions
    at Object.fetchMiddleware (file:///home/alex-sondeos/Desktop/vuelders/packages/authorization/authorization-backend/src/middlewares/userMiddlewares.js:24:84)
    at process.processTicksAndRejections (node:internal/process/task_queues:95:5)
    at async BaseQueries.<computed> [as userFetch] (file:///home/alex-sondeos/Desktop/vuelders/packages/common/common-backend/src/modules/base/graphql/resolvers/BaseResolvers.js:17:60)
2023-07-15 21:05:35 error: query:userFetch by:anonymous insufficient permissions - Stacktrace: Error: insufficient permissions
    at Object.fetchMiddleware (file:///home/alex-sondeos/Desktop/vuelders/packages/authorization/authorization-backend/src/middlewares/userMiddlewares.js:29:84)
    at process.processTicksAndRejections (node:internal/process/task_queues:95:5)
    at async BaseQueries.<computed> [as userFetch] (file:///home/alex-sondeos/Desktop/vuelders/packages/common/common-backend/src/modules/base/graphql/resolvers/BaseResolvers.js:17:60)
2023-07-15 21:06:17 error: query:userFetch by:anonymous insufficient permissions - Stacktrace: Error: insufficient permissions
    at Object.fetchMiddleware (file:///home/alex-sondeos/Desktop/vuelders/packages/authorization/authorization-backend/src/middlewares/userMiddlewares.js:29:84)
    at process.processTicksAndRejections (node:internal/process/task_queues:95:5)
    at async BaseQueries.<computed> [as userFetch] (file:///home/alex-sondeos/Desktop/vuelders/packages/common/common-backend/src/modules/base/graphql/resolvers/BaseResolvers.js:17:60)
2023-07-15 21:12:26 error: query:fetchRoles by:anonymous Token user is not received in req options - Stacktrace: Error: Token user is not received in req options
    at RoleAndPermissionsQueries.fetchRoles (file:///home/alex-sondeos/Desktop/vuelders/packages/authorization/authorization-backend/src/graphql/resolvers/roleAndPermissionsResolvers.js:30:38)
    at field.resolve (file:///home/alex-sondeos/Desktop/vuelders/node_modules/@apollo/server/dist/esm/utils/schemaInstrumentation.js:36:28)
    at executeField (/home/alex-sondeos/Desktop/vuelders/node_modules/graphql/execution/execute.js:492:20)
    at executeFields (/home/alex-sondeos/Desktop/vuelders/node_modules/graphql/execution/execute.js:414:22)
    at executeOperation (/home/alex-sondeos/Desktop/vuelders/node_modules/graphql/execution/execute.js:344:14)
    at execute (/home/alex-sondeos/Desktop/vuelders/node_modules/graphql/execution/execute.js:136:20)
    at executeIncrementally (file:///home/alex-sondeos/Desktop/vuelders/node_modules/@apollo/server/dist/esm/incrementalDeliveryPolyfill.js:21:12)
    at process.processTicksAndRejections (node:internal/process/task_queues:95:5)
    at async execute (file:///home/alex-sondeos/Desktop/vuelders/node_modules/@apollo/server/dist/esm/requestPipeline.js:226:37)
    at async processGraphQLRequest (file:///home/alex-sondeos/Desktop/vuelders/node_modules/@apollo/server/dist/esm/requestPipeline.js:155:32)
2023-07-15 21:12:30 error: query:fetchRoles by:anonymous getPermissionsFromUserToken is not defined - Stacktrace: ReferenceError: getPermissionsFromUserToken is not defined
    at RoleAndPermissionsQueries.fetchRoles (file:///home/alex-sondeos/Desktop/vuelders/packages/authorization/authorization-backend/src/graphql/resolvers/roleAndPermissionsResolvers.js:31:9)
    at field.resolve (file:///home/alex-sondeos/Desktop/vuelders/node_modules/@apollo/server/dist/esm/utils/schemaInstrumentation.js:36:28)
    at executeField (/home/alex-sondeos/Desktop/vuelders/node_modules/graphql/execution/execute.js:492:20)
    at executeFields (/home/alex-sondeos/Desktop/vuelders/node_modules/graphql/execution/execute.js:414:22)
    at executeOperation (/home/alex-sondeos/Desktop/vuelders/node_modules/graphql/execution/execute.js:344:14)
    at execute (/home/alex-sondeos/Desktop/vuelders/node_modules/graphql/execution/execute.js:136:20)
    at executeIncrementally (file:///home/alex-sondeos/Desktop/vuelders/node_modules/@apollo/server/dist/esm/incrementalDeliveryPolyfill.js:21:12)
    at process.processTicksAndRejections (node:internal/process/task_queues:95:5)
    at async execute (file:///home/alex-sondeos/Desktop/vuelders/node_modules/@apollo/server/dist/esm/requestPipeline.js:226:37)
    at async processGraphQLRequest (file:///home/alex-sondeos/Desktop/vuelders/node_modules/@apollo/server/dist/esm/requestPipeline.js:155:32)
2023-07-15 22:18:02 error: query:findPermissionById by:anonymous req is not defined - Stacktrace: ReferenceError: req is not defined
    at RoleAndPermissionsQueries.findPermissionById (file:///home/alex-sondeos/Desktop/vuelders/packages/authorization/authorization-backend/src/graphql/resolvers/roleAndPermissionsResolvers.js:49:9)
    at field.resolve (file:///home/alex-sondeos/Desktop/vuelders/node_modules/@apollo/server/dist/esm/utils/schemaInstrumentation.js:36:28)
    at executeField (/home/alex-sondeos/Desktop/vuelders/node_modules/graphql/execution/execute.js:492:20)
    at executeFields (/home/alex-sondeos/Desktop/vuelders/node_modules/graphql/execution/execute.js:414:22)
    at executeOperation (/home/alex-sondeos/Desktop/vuelders/node_modules/graphql/execution/execute.js:344:14)
    at execute (/home/alex-sondeos/Desktop/vuelders/node_modules/graphql/execution/execute.js:136:20)
    at executeIncrementally (file:///home/alex-sondeos/Desktop/vuelders/node_modules/@apollo/server/dist/esm/incrementalDeliveryPolyfill.js:21:12)
    at process.processTicksAndRejections (node:internal/process/task_queues:95:5)
    at async execute (file:///home/alex-sondeos/Desktop/vuelders/node_modules/@apollo/server/dist/esm/requestPipeline.js:226:37)
    at async processGraphQLRequest (file:///home/alex-sondeos/Desktop/vuelders/node_modules/@apollo/server/dist/esm/requestPipeline.js:155:32)
2023-07-15 22:26:52 error: query:userFetch by:anonymous Cannot read properties of null (reading 'populate') - Stacktrace: TypeError: Cannot read properties of null (reading 'populate')
    at UserRepository.findById (file:///home/alex-sondeos/Desktop/vuelders/packages/common/common-backend/src/modules/base/repositories/BaseRespository.js:16:49)
    at process.processTicksAndRejections (node:internal/process/task_queues:95:5)
    at async getPermissionsFromUserToken (file:///home/alex-sondeos/Desktop/vuelders/packages/authorization/authorization-backend/src/services/UserServices.js:71:22)
    at async Object.fetchMiddleware (file:///home/alex-sondeos/Desktop/vuelders/packages/authorization/authorization-backend/src/middlewares/userMiddlewares.js:32:10)
    at async BaseQueries.<computed> [as userFetch] (file:///home/alex-sondeos/Desktop/vuelders/packages/common/common-backend/src/modules/base/graphql/resolvers/BaseResolvers.js:17:60)
2023-07-15 22:29:25 error: query:userFetch by:anonymous Cannot read properties of null (reading 'populate') - Stacktrace: TypeError: Cannot read properties of null (reading 'populate')
    at UserRepository.findById (file:///home/alex-sondeos/Desktop/vuelders/packages/common/common-backend/src/modules/base/repositories/BaseRespository.js:16:49)
    at process.processTicksAndRejections (node:internal/process/task_queues:95:5)
    at async getPermissionsFromUserToken (file:///home/alex-sondeos/Desktop/vuelders/packages/authorization/authorization-backend/src/services/UserServices.js:71:22)
    at async Object.fetchMiddleware (file:///home/alex-sondeos/Desktop/vuelders/packages/authorization/authorization-backend/src/middlewares/userMiddlewares.js:32:10)
    at async BaseQueries.<computed> [as userFetch] (file:///home/alex-sondeos/Desktop/vuelders/packages/common/common-backend/src/modules/base/graphql/resolvers/BaseResolvers.js:17:60)
2023-07-15 22:31:56 error: query:userFetch by:anonymous User not found. - Stacktrace: Error: User not found.
    at getPermissionsFromUserToken (file:///home/alex-sondeos/Desktop/vuelders/packages/authorization/authorization-backend/src/services/UserServices.js:72:39)
    at process.processTicksAndRejections (node:internal/process/task_queues:95:5)
    at async Object.fetchMiddleware (file:///home/alex-sondeos/Desktop/vuelders/packages/authorization/authorization-backend/src/middlewares/userMiddlewares.js:32:10)
    at async BaseQueries.<computed> [as userFetch] (file:///home/alex-sondeos/Desktop/vuelders/packages/common/common-backend/src/modules/base/graphql/resolvers/BaseResolvers.js:17:60)
2023-07-15 22:32:34 error: query:loguinUser by:anonymous Cannot read properties of undefined (reading 'email') - Stacktrace: TypeError: Cannot read properties of undefined (reading 'email')
    at RoleAndPermissionsQueries.loguinUser (file:///home/alex-sondeos/Desktop/vuelders/packages/authorization/authorization-backend/src/graphql/resolvers/userResolvers.js:29:34)
    at field.resolve (file:///home/alex-sondeos/Desktop/vuelders/node_modules/@apollo/server/dist/esm/utils/schemaInstrumentation.js:36:28)
    at executeField (/home/alex-sondeos/Desktop/vuelders/node_modules/graphql/execution/execute.js:492:20)
    at executeFields (/home/alex-sondeos/Desktop/vuelders/node_modules/graphql/execution/execute.js:414:22)
    at executeOperation (/home/alex-sondeos/Desktop/vuelders/node_modules/graphql/execution/execute.js:344:14)
    at execute (/home/alex-sondeos/Desktop/vuelders/node_modules/graphql/execution/execute.js:136:20)
    at executeIncrementally (file:///home/alex-sondeos/Desktop/vuelders/node_modules/@apollo/server/dist/esm/incrementalDeliveryPolyfill.js:21:12)
    at process.processTicksAndRejections (node:internal/process/task_queues:95:5)
    at async execute (file:///home/alex-sondeos/Desktop/vuelders/node_modules/@apollo/server/dist/esm/requestPipeline.js:226:37)
    at async processGraphQLRequest (file:///home/alex-sondeos/Desktop/vuelders/node_modules/@apollo/server/dist/esm/requestPipeline.js:155:32)
2023-07-15 22:33:29 error: query:fetchRoles by:anonymous User not found. - Stacktrace: Error: User not found.
    at getPermissionsFromUserToken (file:///home/alex-sondeos/Desktop/vuelders/packages/authorization/authorization-backend/src/services/UserServices.js:72:39)
    at process.processTicksAndRejections (node:internal/process/task_queues:95:5)
    at async RoleAndPermissionsQueries.fetchRoles (file:///home/alex-sondeos/Desktop/vuelders/packages/authorization/authorization-backend/src/graphql/resolvers/roleAndPermissionsResolvers.js:32:14)
2023-07-15 22:34:17 error: query:fetchRoles by:anonymous User not found. - Stacktrace: Error: User not found.
    at getPermissionsFromUserToken (file:///home/alex-sondeos/Desktop/vuelders/packages/authorization/authorization-backend/src/services/UserServices.js:73:39)
    at process.processTicksAndRejections (node:internal/process/task_queues:95:5)
    at async RoleAndPermissionsQueries.fetchRoles (file:///home/alex-sondeos/Desktop/vuelders/packages/authorization/authorization-backend/src/graphql/resolvers/roleAndPermissionsResolvers.js:32:14)
2023-07-15 22:42:07 error: query: by:anonymous Variable "$userFindByIdId" of non-null type "ID!" must not be null. - Stacktrace: GraphQLError: Variable "$userFindByIdId" of non-null type "ID!" must not be null.
    at coerceVariableValues (/home/alex-sondeos/Desktop/vuelders/node_modules/graphql/execution/values.js:122:9)
    at getVariableValues (/home/alex-sondeos/Desktop/vuelders/node_modules/graphql/execution/values.js:45:21)
    at buildExecutionContext (/home/alex-sondeos/Desktop/vuelders/node_modules/graphql/execution/execute.js:280:63)
    at execute (/home/alex-sondeos/Desktop/vuelders/node_modules/graphql/execution/execute.js:116:22)
    at executeIncrementally (file:///home/alex-sondeos/Desktop/vuelders/node_modules/@apollo/server/dist/esm/incrementalDeliveryPolyfill.js:21:12)
    at process.processTicksAndRejections (node:internal/process/task_queues:95:5)
    at async execute (file:///home/alex-sondeos/Desktop/vuelders/node_modules/@apollo/server/dist/esm/requestPipeline.js:226:37)
    at async processGraphQLRequest (file:///home/alex-sondeos/Desktop/vuelders/node_modules/@apollo/server/dist/esm/requestPipeline.js:155:32)
    at async internalExecuteOperation (file:///home/alex-sondeos/Desktop/vuelders/node_modules/@apollo/server/dist/esm/ApolloServer.js:602:16)
    at async runHttpQuery (file:///home/alex-sondeos/Desktop/vuelders/node_modules/@apollo/server/dist/esm/runHttpQuery.js:129:29)
2023-07-15 22:43:39 error: query:userPaginate by:anonymous BaseRepository[#Model].paginate is not a function - Stacktrace: TypeError: BaseRepository[#Model].paginate is not a function
    at UserRepository.paginate (file:///home/alex-sondeos/Desktop/vuelders/packages/common/common-backend/src/modules/base/repositories/BaseRespository.js:54:50)
    at paginate (file:///home/alex-sondeos/Desktop/vuelders/packages/common/common-backend/src/modules/base/services/BaseService.js:46:50)
    at BaseQueries.<computed> [as userPaginate] (file:///home/alex-sondeos/Desktop/vuelders/packages/common/common-backend/src/modules/base/graphql/resolvers/BaseResolvers.js:23:26)
    at process.processTicksAndRejections (node:internal/process/task_queues:95:5)
2023-07-15 22:45:32 error: query:userPaginate by:anonymous paginateDocs.populate is not a function - Stacktrace: TypeError: paginateDocs.populate is not a function
    at UserRepository.paginate (file:///home/alex-sondeos/Desktop/vuelders/packages/common/common-backend/src/modules/base/repositories/BaseRespository.js:56:41)
    at paginate (file:///home/alex-sondeos/Desktop/vuelders/packages/common/common-backend/src/modules/base/services/BaseService.js:46:50)
    at BaseQueries.<computed> [as userPaginate] (file:///home/alex-sondeos/Desktop/vuelders/packages/common/common-backend/src/modules/base/graphql/resolvers/BaseResolvers.js:23:26)
    at process.processTicksAndRejections (node:internal/process/task_queues:95:5)
2023-07-15 22:48:06 error: query:userPaginate by:anonymous paginateDocs.populate is not a function - Stacktrace: TypeError: paginateDocs.populate is not a function
    at UserRepository.paginate (file:///home/alex-sondeos/Desktop/vuelders/packages/common/common-backend/src/modules/base/repositories/BaseRespository.js:56:41)
    at paginate (file:///home/alex-sondeos/Desktop/vuelders/packages/common/common-backend/src/modules/base/services/BaseService.js:46:50)
    at BaseQueries.<computed> [as userPaginate] (file:///home/alex-sondeos/Desktop/vuelders/packages/common/common-backend/src/modules/base/graphql/resolvers/BaseResolvers.js:23:26)
    at process.processTicksAndRejections (node:internal/process/task_queues:95:5)
2023-07-15 22:48:12 error: query:userPaginate by:anonymous Expected Iterable, but did not find one for field "Query.userPaginate". - Stacktrace: GraphQLError: Expected Iterable, but did not find one for field "Query.userPaginate".
    at completeListValue (/home/alex-sondeos/Desktop/vuelders/node_modules/graphql/execution/execute.js:679:11)
    at completeValue (/home/alex-sondeos/Desktop/vuelders/node_modules/graphql/execution/execute.js:618:12)
    at /home/alex-sondeos/Desktop/vuelders/node_modules/graphql/execution/execute.js:497:9
    at process.processTicksAndRejections (node:internal/process/task_queues:95:5)
    at async Promise.all (index 0)
    at async execute (file:///home/alex-sondeos/Desktop/vuelders/node_modules/@apollo/server/dist/esm/requestPipeline.js:226:37)
    at async processGraphQLRequest (file:///home/alex-sondeos/Desktop/vuelders/node_modules/@apollo/server/dist/esm/requestPipeline.js:155:32)
    at async internalExecuteOperation (file:///home/alex-sondeos/Desktop/vuelders/node_modules/@apollo/server/dist/esm/ApolloServer.js:602:16)
    at async runHttpQuery (file:///home/alex-sondeos/Desktop/vuelders/node_modules/@apollo/server/dist/esm/runHttpQuery.js:129:29)
    at async runPotentiallyBatchedHttpQuery (file:///home/alex-sondeos/Desktop/vuelders/node_modules/@apollo/server/dist/esm/httpBatching.js:34:16)
2023-07-15 22:48:39 error: query:userPaginate by:anonymous Expected Iterable, but did not find one for field "Query.userPaginate". - Stacktrace: GraphQLError: Expected Iterable, but did not find one for field "Query.userPaginate".
    at completeListValue (/home/alex-sondeos/Desktop/vuelders/node_modules/graphql/execution/execute.js:679:11)
    at completeValue (/home/alex-sondeos/Desktop/vuelders/node_modules/graphql/execution/execute.js:618:12)
    at /home/alex-sondeos/Desktop/vuelders/node_modules/graphql/execution/execute.js:497:9
    at process.processTicksAndRejections (node:internal/process/task_queues:95:5)
    at async Promise.all (index 0)
    at async execute (file:///home/alex-sondeos/Desktop/vuelders/node_modules/@apollo/server/dist/esm/requestPipeline.js:226:37)
    at async processGraphQLRequest (file:///home/alex-sondeos/Desktop/vuelders/node_modules/@apollo/server/dist/esm/requestPipeline.js:155:32)
    at async internalExecuteOperation (file:///home/alex-sondeos/Desktop/vuelders/node_modules/@apollo/server/dist/esm/ApolloServer.js:602:16)
    at async runHttpQuery (file:///home/alex-sondeos/Desktop/vuelders/node_modules/@apollo/server/dist/esm/runHttpQuery.js:129:29)
    at async runPotentiallyBatchedHttpQuery (file:///home/alex-sondeos/Desktop/vuelders/node_modules/@apollo/server/dist/esm/httpBatching.js:34:16)
2023-07-15 22:49:18 error: query:userPaginate by:anonymous Expected Iterable, but did not find one for field "Query.userPaginate". - Stacktrace: GraphQLError: Expected Iterable, but did not find one for field "Query.userPaginate".
    at completeListValue (/home/alex-sondeos/Desktop/vuelders/node_modules/graphql/execution/execute.js:679:11)
    at completeValue (/home/alex-sondeos/Desktop/vuelders/node_modules/graphql/execution/execute.js:618:12)
    at /home/alex-sondeos/Desktop/vuelders/node_modules/graphql/execution/execute.js:497:9
    at process.processTicksAndRejections (node:internal/process/task_queues:95:5)
    at async Promise.all (index 0)
    at async execute (file:///home/alex-sondeos/Desktop/vuelders/node_modules/@apollo/server/dist/esm/requestPipeline.js:226:37)
    at async processGraphQLRequest (file:///home/alex-sondeos/Desktop/vuelders/node_modules/@apollo/server/dist/esm/requestPipeline.js:155:32)
    at async internalExecuteOperation (file:///home/alex-sondeos/Desktop/vuelders/node_modules/@apollo/server/dist/esm/ApolloServer.js:602:16)
    at async runHttpQuery (file:///home/alex-sondeos/Desktop/vuelders/node_modules/@apollo/server/dist/esm/runHttpQuery.js:129:29)
    at async runPotentiallyBatchedHttpQuery (file:///home/alex-sondeos/Desktop/vuelders/node_modules/@apollo/server/dist/esm/httpBatching.js:34:16)
2023-07-15 22:50:07 error: query:userPaginate by:anonymous Expected Iterable, but did not find one for field "Query.userPaginate". - Stacktrace: GraphQLError: Expected Iterable, but did not find one for field "Query.userPaginate".
    at completeListValue (/home/alex-sondeos/Desktop/vuelders/node_modules/graphql/execution/execute.js:679:11)
    at completeValue (/home/alex-sondeos/Desktop/vuelders/node_modules/graphql/execution/execute.js:618:12)
    at /home/alex-sondeos/Desktop/vuelders/node_modules/graphql/execution/execute.js:497:9
    at process.processTicksAndRejections (node:internal/process/task_queues:95:5)
    at async Promise.all (index 0)
    at async execute (file:///home/alex-sondeos/Desktop/vuelders/node_modules/@apollo/server/dist/esm/requestPipeline.js:226:37)
    at async processGraphQLRequest (file:///home/alex-sondeos/Desktop/vuelders/node_modules/@apollo/server/dist/esm/requestPipeline.js:155:32)
    at async internalExecuteOperation (file:///home/alex-sondeos/Desktop/vuelders/node_modules/@apollo/server/dist/esm/ApolloServer.js:602:16)
    at async runHttpQuery (file:///home/alex-sondeos/Desktop/vuelders/node_modules/@apollo/server/dist/esm/runHttpQuery.js:129:29)
    at async runPotentiallyBatchedHttpQuery (file:///home/alex-sondeos/Desktop/vuelders/node_modules/@apollo/server/dist/esm/httpBatching.js:34:16)
2023-07-15 22:52:40 error: : by:anonymous Cannot query field "completeName" on type "PaginateUser". - Stacktrace: GraphQLError: Cannot query field "completeName" on type "PaginateUser".
    at Object.Field (/home/alex-sondeos/Desktop/vuelders/node_modules/graphql/validation/rules/FieldsOnCorrectTypeRule.js:51:13)
    at Object.enter (/home/alex-sondeos/Desktop/vuelders/node_modules/graphql/language/visitor.js:301:32)
    at Object.enter (/home/alex-sondeos/Desktop/vuelders/node_modules/graphql/utilities/TypeInfo.js:391:27)
    at visit (/home/alex-sondeos/Desktop/vuelders/node_modules/graphql/language/visitor.js:197:21)
    at validate (/home/alex-sondeos/Desktop/vuelders/node_modules/graphql/validation/validate.js:91:24)
    at processGraphQLRequest (file:///home/alex-sondeos/Desktop/vuelders/node_modules/@apollo/server/dist/esm/requestPipeline.js:97:34)
    at process.processTicksAndRejections (node:internal/process/task_queues:95:5)
    at async internalExecuteOperation (file:///home/alex-sondeos/Desktop/vuelders/node_modules/@apollo/server/dist/esm/ApolloServer.js:602:16)
    at async runHttpQuery (file:///home/alex-sondeos/Desktop/vuelders/node_modules/@apollo/server/dist/esm/runHttpQuery.js:129:29)
    at async runPotentiallyBatchedHttpQuery (file:///home/alex-sondeos/Desktop/vuelders/node_modules/@apollo/server/dist/esm/httpBatching.js:34:16)
2023-07-15 22:52:40 error: : by:anonymous Cannot query field "dateBirth" on type "PaginateUser". - Stacktrace: GraphQLError: Cannot query field "dateBirth" on type "PaginateUser".
    at Object.Field (/home/alex-sondeos/Desktop/vuelders/node_modules/graphql/validation/rules/FieldsOnCorrectTypeRule.js:51:13)
    at Object.enter (/home/alex-sondeos/Desktop/vuelders/node_modules/graphql/language/visitor.js:301:32)
    at Object.enter (/home/alex-sondeos/Desktop/vuelders/node_modules/graphql/utilities/TypeInfo.js:391:27)
    at visit (/home/alex-sondeos/Desktop/vuelders/node_modules/graphql/language/visitor.js:197:21)
    at validate (/home/alex-sondeos/Desktop/vuelders/node_modules/graphql/validation/validate.js:91:24)
    at processGraphQLRequest (file:///home/alex-sondeos/Desktop/vuelders/node_modules/@apollo/server/dist/esm/requestPipeline.js:97:34)
    at process.processTicksAndRejections (node:internal/process/task_queues:95:5)
    at async internalExecuteOperation (file:///home/alex-sondeos/Desktop/vuelders/node_modules/@apollo/server/dist/esm/ApolloServer.js:602:16)
    at async runHttpQuery (file:///home/alex-sondeos/Desktop/vuelders/node_modules/@apollo/server/dist/esm/runHttpQuery.js:129:29)
    at async runPotentiallyBatchedHttpQuery (file:///home/alex-sondeos/Desktop/vuelders/node_modules/@apollo/server/dist/esm/httpBatching.js:34:16)
2023-07-15 22:52:40 error: : by:anonymous Cannot query field "email" on type "PaginateUser". - Stacktrace: GraphQLError: Cannot query field "email" on type "PaginateUser".
    at Object.Field (/home/alex-sondeos/Desktop/vuelders/node_modules/graphql/validation/rules/FieldsOnCorrectTypeRule.js:51:13)
    at Object.enter (/home/alex-sondeos/Desktop/vuelders/node_modules/graphql/language/visitor.js:301:32)
    at Object.enter (/home/alex-sondeos/Desktop/vuelders/node_modules/graphql/utilities/TypeInfo.js:391:27)
    at visit (/home/alex-sondeos/Desktop/vuelders/node_modules/graphql/language/visitor.js:197:21)
    at validate (/home/alex-sondeos/Desktop/vuelders/node_modules/graphql/validation/validate.js:91:24)
    at processGraphQLRequest (file:///home/alex-sondeos/Desktop/vuelders/node_modules/@apollo/server/dist/esm/requestPipeline.js:97:34)
    at process.processTicksAndRejections (node:internal/process/task_queues:95:5)
    at async internalExecuteOperation (file:///home/alex-sondeos/Desktop/vuelders/node_modules/@apollo/server/dist/esm/ApolloServer.js:602:16)
    at async runHttpQuery (file:///home/alex-sondeos/Desktop/vuelders/node_modules/@apollo/server/dist/esm/runHttpQuery.js:129:29)
    at async runPotentiallyBatchedHttpQuery (file:///home/alex-sondeos/Desktop/vuelders/node_modules/@apollo/server/dist/esm/httpBatching.js:34:16)
2023-07-15 22:52:40 error: : by:anonymous Cannot query field "id" on type "PaginateUser". - Stacktrace: GraphQLError: Cannot query field "id" on type "PaginateUser".
    at Object.Field (/home/alex-sondeos/Desktop/vuelders/node_modules/graphql/validation/rules/FieldsOnCorrectTypeRule.js:51:13)
    at Object.enter (/home/alex-sondeos/Desktop/vuelders/node_modules/graphql/language/visitor.js:301:32)
    at Object.enter (/home/alex-sondeos/Desktop/vuelders/node_modules/graphql/utilities/TypeInfo.js:391:27)
    at visit (/home/alex-sondeos/Desktop/vuelders/node_modules/graphql/language/visitor.js:197:21)
    at validate (/home/alex-sondeos/Desktop/vuelders/node_modules/graphql/validation/validate.js:91:24)
    at processGraphQLRequest (file:///home/alex-sondeos/Desktop/vuelders/node_modules/@apollo/server/dist/esm/requestPipeline.js:97:34)
    at process.processTicksAndRejections (node:internal/process/task_queues:95:5)
    at async internalExecuteOperation (file:///home/alex-sondeos/Desktop/vuelders/node_modules/@apollo/server/dist/esm/ApolloServer.js:602:16)
    at async runHttpQuery (file:///home/alex-sondeos/Desktop/vuelders/node_modules/@apollo/server/dist/esm/runHttpQuery.js:129:29)
    at async runPotentiallyBatchedHttpQuery (file:///home/alex-sondeos/Desktop/vuelders/node_modules/@apollo/server/dist/esm/httpBatching.js:34:16)
2023-07-15 22:52:40 error: : by:anonymous Cannot query field "phone" on type "PaginateUser". Did you mean "page"? - Stacktrace: GraphQLError: Cannot query field "phone" on type "PaginateUser". Did you mean "page"?
    at Object.Field (/home/alex-sondeos/Desktop/vuelders/node_modules/graphql/validation/rules/FieldsOnCorrectTypeRule.js:51:13)
    at Object.enter (/home/alex-sondeos/Desktop/vuelders/node_modules/graphql/language/visitor.js:301:32)
    at Object.enter (/home/alex-sondeos/Desktop/vuelders/node_modules/graphql/utilities/TypeInfo.js:391:27)
    at visit (/home/alex-sondeos/Desktop/vuelders/node_modules/graphql/language/visitor.js:197:21)
    at validate (/home/alex-sondeos/Desktop/vuelders/node_modules/graphql/validation/validate.js:91:24)
    at processGraphQLRequest (file:///home/alex-sondeos/Desktop/vuelders/node_modules/@apollo/server/dist/esm/requestPipeline.js:97:34)
    at process.processTicksAndRejections (node:internal/process/task_queues:95:5)
    at async internalExecuteOperation (file:///home/alex-sondeos/Desktop/vuelders/node_modules/@apollo/server/dist/esm/ApolloServer.js:602:16)
    at async runHttpQuery (file:///home/alex-sondeos/Desktop/vuelders/node_modules/@apollo/server/dist/esm/runHttpQuery.js:129:29)
    at async runPotentiallyBatchedHttpQuery (file:///home/alex-sondeos/Desktop/vuelders/node_modules/@apollo/server/dist/esm/httpBatching.js:34:16)
2023-07-15 22:52:40 error: : by:anonymous Cannot query field "role" on type "PaginateUser". - Stacktrace: GraphQLError: Cannot query field "role" on type "PaginateUser".
    at Object.Field (/home/alex-sondeos/Desktop/vuelders/node_modules/graphql/validation/rules/FieldsOnCorrectTypeRule.js:51:13)
    at Object.enter (/home/alex-sondeos/Desktop/vuelders/node_modules/graphql/language/visitor.js:301:32)
    at Object.enter (/home/alex-sondeos/Desktop/vuelders/node_modules/graphql/utilities/TypeInfo.js:391:27)
    at visit (/home/alex-sondeos/Desktop/vuelders/node_modules/graphql/language/visitor.js:197:21)
    at validate (/home/alex-sondeos/Desktop/vuelders/node_modules/graphql/validation/validate.js:91:24)
    at processGraphQLRequest (file:///home/alex-sondeos/Desktop/vuelders/node_modules/@apollo/server/dist/esm/requestPipeline.js:97:34)
    at process.processTicksAndRejections (node:internal/process/task_queues:95:5)
    at async internalExecuteOperation (file:///home/alex-sondeos/Desktop/vuelders/node_modules/@apollo/server/dist/esm/ApolloServer.js:602:16)
    at async runHttpQuery (file:///home/alex-sondeos/Desktop/vuelders/node_modules/@apollo/server/dist/esm/runHttpQuery.js:129:29)
    at async runPotentiallyBatchedHttpQuery (file:///home/alex-sondeos/Desktop/vuelders/node_modules/@apollo/server/dist/esm/httpBatching.js:34:16)
2023-07-15 22:52:40 error: : by:anonymous Cannot query field "username" on type "PaginateUser". - Stacktrace: GraphQLError: Cannot query field "username" on type "PaginateUser".
    at Object.Field (/home/alex-sondeos/Desktop/vuelders/node_modules/graphql/validation/rules/FieldsOnCorrectTypeRule.js:51:13)
    at Object.enter (/home/alex-sondeos/Desktop/vuelders/node_modules/graphql/language/visitor.js:301:32)
    at Object.enter (/home/alex-sondeos/Desktop/vuelders/node_modules/graphql/utilities/TypeInfo.js:391:27)
    at visit (/home/alex-sondeos/Desktop/vuelders/node_modules/graphql/language/visitor.js:197:21)
    at validate (/home/alex-sondeos/Desktop/vuelders/node_modules/graphql/validation/validate.js:91:24)
    at processGraphQLRequest (file:///home/alex-sondeos/Desktop/vuelders/node_modules/@apollo/server/dist/esm/requestPipeline.js:97:34)
    at process.processTicksAndRejections (node:internal/process/task_queues:95:5)
    at async internalExecuteOperation (file:///home/alex-sondeos/Desktop/vuelders/node_modules/@apollo/server/dist/esm/ApolloServer.js:602:16)
    at async runHttpQuery (file:///home/alex-sondeos/Desktop/vuelders/node_modules/@apollo/server/dist/esm/runHttpQuery.js:129:29)
    at async runPotentiallyBatchedHttpQuery (file:///home/alex-sondeos/Desktop/vuelders/node_modules/@apollo/server/dist/esm/httpBatching.js:34:16)
2023-07-15 22:53:23 error: query:userPaginate by:anonymous Expected Iterable, but did not find one for field "Query.userPaginate". - Stacktrace: GraphQLError: Expected Iterable, but did not find one for field "Query.userPaginate".
    at completeListValue (/home/alex-sondeos/Desktop/vuelders/node_modules/graphql/execution/execute.js:679:11)
    at completeValue (/home/alex-sondeos/Desktop/vuelders/node_modules/graphql/execution/execute.js:618:12)
    at /home/alex-sondeos/Desktop/vuelders/node_modules/graphql/execution/execute.js:497:9
    at process.processTicksAndRejections (node:internal/process/task_queues:95:5)
    at async Promise.all (index 0)
    at async execute (file:///home/alex-sondeos/Desktop/vuelders/node_modules/@apollo/server/dist/esm/requestPipeline.js:226:37)
    at async processGraphQLRequest (file:///home/alex-sondeos/Desktop/vuelders/node_modules/@apollo/server/dist/esm/requestPipeline.js:155:32)
    at async internalExecuteOperation (file:///home/alex-sondeos/Desktop/vuelders/node_modules/@apollo/server/dist/esm/ApolloServer.js:602:16)
    at async runHttpQuery (file:///home/alex-sondeos/Desktop/vuelders/node_modules/@apollo/server/dist/esm/runHttpQuery.js:129:29)
    at async runPotentiallyBatchedHttpQuery (file:///home/alex-sondeos/Desktop/vuelders/node_modules/@apollo/server/dist/esm/httpBatching.js:34:16)
2023-07-15 22:55:29 error: query:userPaginate by:anonymous Expected Iterable, but did not find one for field "Query.userPaginate". - Stacktrace: GraphQLError: Expected Iterable, but did not find one for field "Query.userPaginate".
    at completeListValue (/home/alex-sondeos/Desktop/vuelders/node_modules/graphql/execution/execute.js:679:11)
    at completeValue (/home/alex-sondeos/Desktop/vuelders/node_modules/graphql/execution/execute.js:618:12)
    at /home/alex-sondeos/Desktop/vuelders/node_modules/graphql/execution/execute.js:497:9
    at process.processTicksAndRejections (node:internal/process/task_queues:95:5)
    at async Promise.all (index 0)
    at async execute (file:///home/alex-sondeos/Desktop/vuelders/node_modules/@apollo/server/dist/esm/requestPipeline.js:226:37)
    at async processGraphQLRequest (file:///home/alex-sondeos/Desktop/vuelders/node_modules/@apollo/server/dist/esm/requestPipeline.js:155:32)
    at async internalExecuteOperation (file:///home/alex-sondeos/Desktop/vuelders/node_modules/@apollo/server/dist/esm/ApolloServer.js:602:16)
    at async runHttpQuery (file:///home/alex-sondeos/Desktop/vuelders/node_modules/@apollo/server/dist/esm/runHttpQuery.js:129:29)
    at async runPotentiallyBatchedHttpQuery (file:///home/alex-sondeos/Desktop/vuelders/node_modules/@apollo/server/dist/esm/httpBatching.js:34:16)
2023-07-15 22:56:55 error: query:userPaginate by:anonymous Expected Iterable, but did not find one for field "Query.userPaginate". - Stacktrace: GraphQLError: Expected Iterable, but did not find one for field "Query.userPaginate".
    at completeListValue (/home/alex-sondeos/Desktop/vuelders/node_modules/graphql/execution/execute.js:679:11)
    at completeValue (/home/alex-sondeos/Desktop/vuelders/node_modules/graphql/execution/execute.js:618:12)
    at /home/alex-sondeos/Desktop/vuelders/node_modules/graphql/execution/execute.js:497:9
    at process.processTicksAndRejections (node:internal/process/task_queues:95:5)
    at async Promise.all (index 0)
    at async execute (file:///home/alex-sondeos/Desktop/vuelders/node_modules/@apollo/server/dist/esm/requestPipeline.js:226:37)
    at async processGraphQLRequest (file:///home/alex-sondeos/Desktop/vuelders/node_modules/@apollo/server/dist/esm/requestPipeline.js:155:32)
    at async internalExecuteOperation (file:///home/alex-sondeos/Desktop/vuelders/node_modules/@apollo/server/dist/esm/ApolloServer.js:602:16)
    at async runHttpQuery (file:///home/alex-sondeos/Desktop/vuelders/node_modules/@apollo/server/dist/esm/runHttpQuery.js:129:29)
    at async runPotentiallyBatchedHttpQuery (file:///home/alex-sondeos/Desktop/vuelders/node_modules/@apollo/server/dist/esm/httpBatching.js:34:16)
2023-07-15 22:57:40 error: query:userPaginate by:anonymous Expected Iterable, but did not find one for field "Query.userPaginate". - Stacktrace: GraphQLError: Expected Iterable, but did not find one for field "Query.userPaginate".
    at completeListValue (/home/alex-sondeos/Desktop/vuelders/node_modules/graphql/execution/execute.js:679:11)
    at completeValue (/home/alex-sondeos/Desktop/vuelders/node_modules/graphql/execution/execute.js:618:12)
    at /home/alex-sondeos/Desktop/vuelders/node_modules/graphql/execution/execute.js:497:9
    at process.processTicksAndRejections (node:internal/process/task_queues:95:5)
    at async Promise.all (index 0)
    at async execute (file:///home/alex-sondeos/Desktop/vuelders/node_modules/@apollo/server/dist/esm/requestPipeline.js:226:37)
    at async processGraphQLRequest (file:///home/alex-sondeos/Desktop/vuelders/node_modules/@apollo/server/dist/esm/requestPipeline.js:155:32)
    at async internalExecuteOperation (file:///home/alex-sondeos/Desktop/vuelders/node_modules/@apollo/server/dist/esm/ApolloServer.js:602:16)
    at async runHttpQuery (file:///home/alex-sondeos/Desktop/vuelders/node_modules/@apollo/server/dist/esm/runHttpQuery.js:129:29)
    at async runPotentiallyBatchedHttpQuery (file:///home/alex-sondeos/Desktop/vuelders/node_modules/@apollo/server/dist/esm/httpBatching.js:34:16)
2023-07-15 22:58:32 error: query:userPaginate by:anonymous Expected Iterable, but did not find one for field "Query.userPaginate". - Stacktrace: GraphQLError: Expected Iterable, but did not find one for field "Query.userPaginate".
    at completeListValue (/home/alex-sondeos/Desktop/vuelders/node_modules/graphql/execution/execute.js:679:11)
    at completeValue (/home/alex-sondeos/Desktop/vuelders/node_modules/graphql/execution/execute.js:618:12)
    at /home/alex-sondeos/Desktop/vuelders/node_modules/graphql/execution/execute.js:497:9
    at process.processTicksAndRejections (node:internal/process/task_queues:95:5)
    at async Promise.all (index 0)
    at async execute (file:///home/alex-sondeos/Desktop/vuelders/node_modules/@apollo/server/dist/esm/requestPipeline.js:226:37)
    at async processGraphQLRequest (file:///home/alex-sondeos/Desktop/vuelders/node_modules/@apollo/server/dist/esm/requestPipeline.js:155:32)
    at async internalExecuteOperation (file:///home/alex-sondeos/Desktop/vuelders/node_modules/@apollo/server/dist/esm/ApolloServer.js:602:16)
    at async runHttpQuery (file:///home/alex-sondeos/Desktop/vuelders/node_modules/@apollo/server/dist/esm/runHttpQuery.js:129:29)
    at async runPotentiallyBatchedHttpQuery (file:///home/alex-sondeos/Desktop/vuelders/node_modules/@apollo/server/dist/esm/httpBatching.js:34:16)
2023-07-15 22:58:39 error: query:userPaginate by:anonymous Expected Iterable, but did not find one for field "Query.userPaginate". - Stacktrace: GraphQLError: Expected Iterable, but did not find one for field "Query.userPaginate".
    at completeListValue (/home/alex-sondeos/Desktop/vuelders/node_modules/graphql/execution/execute.js:679:11)
    at completeValue (/home/alex-sondeos/Desktop/vuelders/node_modules/graphql/execution/execute.js:618:12)
    at /home/alex-sondeos/Desktop/vuelders/node_modules/graphql/execution/execute.js:497:9
    at process.processTicksAndRejections (node:internal/process/task_queues:95:5)
    at async Promise.all (index 0)
    at async execute (file:///home/alex-sondeos/Desktop/vuelders/node_modules/@apollo/server/dist/esm/requestPipeline.js:226:37)
    at async processGraphQLRequest (file:///home/alex-sondeos/Desktop/vuelders/node_modules/@apollo/server/dist/esm/requestPipeline.js:155:32)
    at async internalExecuteOperation (file:///home/alex-sondeos/Desktop/vuelders/node_modules/@apollo/server/dist/esm/ApolloServer.js:602:16)
    at async runHttpQuery (file:///home/alex-sondeos/Desktop/vuelders/node_modules/@apollo/server/dist/esm/runHttpQuery.js:129:29)
    at async runPotentiallyBatchedHttpQuery (file:///home/alex-sondeos/Desktop/vuelders/node_modules/@apollo/server/dist/esm/httpBatching.js:34:16)
2023-07-15 23:02:29 error: : by:anonymous Cannot query field "nextPage" on type "PaginateUser". Did you mean "hasNextPage" or "page"? - Stacktrace: GraphQLError: Cannot query field "nextPage" on type "PaginateUser". Did you mean "hasNextPage" or "page"?
    at Object.Field (/home/alex-sondeos/Desktop/vuelders/node_modules/graphql/validation/rules/FieldsOnCorrectTypeRule.js:51:13)
    at Object.enter (/home/alex-sondeos/Desktop/vuelders/node_modules/graphql/language/visitor.js:301:32)
    at Object.enter (/home/alex-sondeos/Desktop/vuelders/node_modules/graphql/utilities/TypeInfo.js:391:27)
    at visit (/home/alex-sondeos/Desktop/vuelders/node_modules/graphql/language/visitor.js:197:21)
    at validate (/home/alex-sondeos/Desktop/vuelders/node_modules/graphql/validation/validate.js:91:24)
    at processGraphQLRequest (file:///home/alex-sondeos/Desktop/vuelders/node_modules/@apollo/server/dist/esm/requestPipeline.js:97:34)
    at process.processTicksAndRejections (node:internal/process/task_queues:95:5)
    at async internalExecuteOperation (file:///home/alex-sondeos/Desktop/vuelders/node_modules/@apollo/server/dist/esm/ApolloServer.js:602:16)
    at async runHttpQuery (file:///home/alex-sondeos/Desktop/vuelders/node_modules/@apollo/server/dist/esm/runHttpQuery.js:129:29)
    at async runPotentiallyBatchedHttpQuery (file:///home/alex-sondeos/Desktop/vuelders/node_modules/@apollo/server/dist/esm/httpBatching.js:34:16)
2023-07-15 23:02:29 error: : by:anonymous Cannot query field "offset" on type "PaginateUser". - Stacktrace: GraphQLError: Cannot query field "offset" on type "PaginateUser".
    at Object.Field (/home/alex-sondeos/Desktop/vuelders/node_modules/graphql/validation/rules/FieldsOnCorrectTypeRule.js:51:13)
    at Object.enter (/home/alex-sondeos/Desktop/vuelders/node_modules/graphql/language/visitor.js:301:32)
    at Object.enter (/home/alex-sondeos/Desktop/vuelders/node_modules/graphql/utilities/TypeInfo.js:391:27)
    at visit (/home/alex-sondeos/Desktop/vuelders/node_modules/graphql/language/visitor.js:197:21)
    at validate (/home/alex-sondeos/Desktop/vuelders/node_modules/graphql/validation/validate.js:91:24)
    at processGraphQLRequest (file:///home/alex-sondeos/Desktop/vuelders/node_modules/@apollo/server/dist/esm/requestPipeline.js:97:34)
    at process.processTicksAndRejections (node:internal/process/task_queues:95:5)
    at async internalExecuteOperation (file:///home/alex-sondeos/Desktop/vuelders/node_modules/@apollo/server/dist/esm/ApolloServer.js:602:16)
    at async runHttpQuery (file:///home/alex-sondeos/Desktop/vuelders/node_modules/@apollo/server/dist/esm/runHttpQuery.js:129:29)
    at async runPotentiallyBatchedHttpQuery (file:///home/alex-sondeos/Desktop/vuelders/node_modules/@apollo/server/dist/esm/httpBatching.js:34:16)
2023-07-15 23:02:29 error: : by:anonymous Cannot query field "pagingCounter" on type "PaginateUser". - Stacktrace: GraphQLError: Cannot query field "pagingCounter" on type "PaginateUser".
    at Object.Field (/home/alex-sondeos/Desktop/vuelders/node_modules/graphql/validation/rules/FieldsOnCorrectTypeRule.js:51:13)
    at Object.enter (/home/alex-sondeos/Desktop/vuelders/node_modules/graphql/language/visitor.js:301:32)
    at Object.enter (/home/alex-sondeos/Desktop/vuelders/node_modules/graphql/utilities/TypeInfo.js:391:27)
    at visit (/home/alex-sondeos/Desktop/vuelders/node_modules/graphql/language/visitor.js:197:21)
    at validate (/home/alex-sondeos/Desktop/vuelders/node_modules/graphql/validation/validate.js:91:24)
    at processGraphQLRequest (file:///home/alex-sondeos/Desktop/vuelders/node_modules/@apollo/server/dist/esm/requestPipeline.js:97:34)
    at process.processTicksAndRejections (node:internal/process/task_queues:95:5)
    at async internalExecuteOperation (file:///home/alex-sondeos/Desktop/vuelders/node_modules/@apollo/server/dist/esm/ApolloServer.js:602:16)
    at async runHttpQuery (file:///home/alex-sondeos/Desktop/vuelders/node_modules/@apollo/server/dist/esm/runHttpQuery.js:129:29)
    at async runPotentiallyBatchedHttpQuery (file:///home/alex-sondeos/Desktop/vuelders/node_modules/@apollo/server/dist/esm/httpBatching.js:34:16)
2023-07-15 23:02:29 error: : by:anonymous Cannot query field "prevPage" on type "PaginateUser". Did you mean "hasPrevPage" or "page"? - Stacktrace: GraphQLError: Cannot query field "prevPage" on type "PaginateUser". Did you mean "hasPrevPage" or "page"?
    at Object.Field (/home/alex-sondeos/Desktop/vuelders/node_modules/graphql/validation/rules/FieldsOnCorrectTypeRule.js:51:13)
    at Object.enter (/home/alex-sondeos/Desktop/vuelders/node_modules/graphql/language/visitor.js:301:32)
    at Object.enter (/home/alex-sondeos/Desktop/vuelders/node_modules/graphql/utilities/TypeInfo.js:391:27)
    at visit (/home/alex-sondeos/Desktop/vuelders/node_modules/graphql/language/visitor.js:197:21)
    at validate (/home/alex-sondeos/Desktop/vuelders/node_modules/graphql/validation/validate.js:91:24)
    at processGraphQLRequest (file:///home/alex-sondeos/Desktop/vuelders/node_modules/@apollo/server/dist/esm/requestPipeline.js:97:34)
    at process.processTicksAndRejections (node:internal/process/task_queues:95:5)
    at async internalExecuteOperation (file:///home/alex-sondeos/Desktop/vuelders/node_modules/@apollo/server/dist/esm/ApolloServer.js:602:16)
    at async runHttpQuery (file:///home/alex-sondeos/Desktop/vuelders/node_modules/@apollo/server/dist/esm/runHttpQuery.js:129:29)
    at async runPotentiallyBatchedHttpQuery (file:///home/alex-sondeos/Desktop/vuelders/node_modules/@apollo/server/dist/esm/httpBatching.js:34:16)
2023-07-15 23:03:31 error: query:userPaginate by:anonymous Expected Iterable, but did not find one for field "Query.userPaginate". - Stacktrace: GraphQLError: Expected Iterable, but did not find one for field "Query.userPaginate".
    at completeListValue (/home/alex-sondeos/Desktop/vuelders/node_modules/graphql/execution/execute.js:679:11)
    at completeValue (/home/alex-sondeos/Desktop/vuelders/node_modules/graphql/execution/execute.js:618:12)
    at /home/alex-sondeos/Desktop/vuelders/node_modules/graphql/execution/execute.js:497:9
    at process.processTicksAndRejections (node:internal/process/task_queues:95:5)
    at async Promise.all (index 0)
    at async execute (file:///home/alex-sondeos/Desktop/vuelders/node_modules/@apollo/server/dist/esm/requestPipeline.js:226:37)
    at async processGraphQLRequest (file:///home/alex-sondeos/Desktop/vuelders/node_modules/@apollo/server/dist/esm/requestPipeline.js:155:32)
    at async internalExecuteOperation (file:///home/alex-sondeos/Desktop/vuelders/node_modules/@apollo/server/dist/esm/ApolloServer.js:602:16)
    at async runHttpQuery (file:///home/alex-sondeos/Desktop/vuelders/node_modules/@apollo/server/dist/esm/runHttpQuery.js:129:29)
    at async runPotentiallyBatchedHttpQuery (file:///home/alex-sondeos/Desktop/vuelders/node_modules/@apollo/server/dist/esm/httpBatching.js:34:16)
2023-07-15 23:05:39 error: query:userPaginate by:anonymous Expected Iterable, but did not find one for field "Query.userPaginate". - Stacktrace: GraphQLError: Expected Iterable, but did not find one for field "Query.userPaginate".
    at completeListValue (/home/alex-sondeos/Desktop/vuelders/node_modules/graphql/execution/execute.js:679:11)
    at completeValue (/home/alex-sondeos/Desktop/vuelders/node_modules/graphql/execution/execute.js:618:12)
    at /home/alex-sondeos/Desktop/vuelders/node_modules/graphql/execution/execute.js:497:9
    at process.processTicksAndRejections (node:internal/process/task_queues:95:5)
    at async Promise.all (index 0)
    at async execute (file:///home/alex-sondeos/Desktop/vuelders/node_modules/@apollo/server/dist/esm/requestPipeline.js:226:37)
    at async processGraphQLRequest (file:///home/alex-sondeos/Desktop/vuelders/node_modules/@apollo/server/dist/esm/requestPipeline.js:155:32)
    at async internalExecuteOperation (file:///home/alex-sondeos/Desktop/vuelders/node_modules/@apollo/server/dist/esm/ApolloServer.js:602:16)
    at async runHttpQuery (file:///home/alex-sondeos/Desktop/vuelders/node_modules/@apollo/server/dist/esm/runHttpQuery.js:129:29)
    at async runPotentiallyBatchedHttpQuery (file:///home/alex-sondeos/Desktop/vuelders/node_modules/@apollo/server/dist/esm/httpBatching.js:34:16)
2023-07-15 23:06:18 error: query:userPaginate by:anonymous Expected Iterable, but did not find one for field "Query.userPaginate". - Stacktrace: GraphQLError: Expected Iterable, but did not find one for field "Query.userPaginate".
    at completeListValue (/home/alex-sondeos/Desktop/vuelders/node_modules/graphql/execution/execute.js:679:11)
    at completeValue (/home/alex-sondeos/Desktop/vuelders/node_modules/graphql/execution/execute.js:618:12)
    at /home/alex-sondeos/Desktop/vuelders/node_modules/graphql/execution/execute.js:497:9
    at process.processTicksAndRejections (node:internal/process/task_queues:95:5)
    at async Promise.all (index 0)
    at async execute (file:///home/alex-sondeos/Desktop/vuelders/node_modules/@apollo/server/dist/esm/requestPipeline.js:226:37)
    at async processGraphQLRequest (file:///home/alex-sondeos/Desktop/vuelders/node_modules/@apollo/server/dist/esm/requestPipeline.js:155:32)
    at async internalExecuteOperation (file:///home/alex-sondeos/Desktop/vuelders/node_modules/@apollo/server/dist/esm/ApolloServer.js:602:16)
    at async runHttpQuery (file:///home/alex-sondeos/Desktop/vuelders/node_modules/@apollo/server/dist/esm/runHttpQuery.js:129:29)
    at async runPotentiallyBatchedHttpQuery (file:///home/alex-sondeos/Desktop/vuelders/node_modules/@apollo/server/dist/esm/httpBatching.js:34:16)
2023-07-15 23:06:41 error: query:userPaginate by:anonymous ID cannot represent value: { type: "Buffer", data: [Array] } - Stacktrace: GraphQLError: ID cannot represent value: { type: "Buffer", data: [Array] }
    at GraphQLScalarType.serialize (/home/alex-sondeos/Desktop/vuelders/node_modules/graphql/type/scalars.js:301:11)
    at completeLeafValue (/home/alex-sondeos/Desktop/vuelders/node_modules/graphql/execution/execute.js:749:39)
    at completeValue (/home/alex-sondeos/Desktop/vuelders/node_modules/graphql/execution/execute.js:630:12)
    at completeValue (/home/alex-sondeos/Desktop/vuelders/node_modules/graphql/execution/execute.js:595:23)
    at executeField (/home/alex-sondeos/Desktop/vuelders/node_modules/graphql/execution/execute.js:500:19)
    at executeFields (/home/alex-sondeos/Desktop/vuelders/node_modules/graphql/execution/execute.js:414:22)
    at completeObjectValue (/home/alex-sondeos/Desktop/vuelders/node_modules/graphql/execution/execute.js:925:10)
    at completeValue (/home/alex-sondeos/Desktop/vuelders/node_modules/graphql/execution/execute.js:646:12)
    at executeField (/home/alex-sondeos/Desktop/vuelders/node_modules/graphql/execution/execute.js:500:19)
    at executeFields (/home/alex-sondeos/Desktop/vuelders/node_modules/graphql/execution/execute.js:414:22)
2023-07-15 23:08:13 error: query: by:anonymous Variable "$findPermissionByIdId" of non-null type "ID!" must not be null. - Stacktrace: GraphQLError: Variable "$findPermissionByIdId" of non-null type "ID!" must not be null.
    at coerceVariableValues (/home/alex-sondeos/Desktop/vuelders/node_modules/graphql/execution/values.js:122:9)
    at getVariableValues (/home/alex-sondeos/Desktop/vuelders/node_modules/graphql/execution/values.js:45:21)
    at buildExecutionContext (/home/alex-sondeos/Desktop/vuelders/node_modules/graphql/execution/execute.js:280:63)
    at execute (/home/alex-sondeos/Desktop/vuelders/node_modules/graphql/execution/execute.js:116:22)
    at executeIncrementally (file:///home/alex-sondeos/Desktop/vuelders/node_modules/@apollo/server/dist/esm/incrementalDeliveryPolyfill.js:21:12)
    at process.processTicksAndRejections (node:internal/process/task_queues:95:5)
    at async execute (file:///home/alex-sondeos/Desktop/vuelders/node_modules/@apollo/server/dist/esm/requestPipeline.js:226:37)
    at async processGraphQLRequest (file:///home/alex-sondeos/Desktop/vuelders/node_modules/@apollo/server/dist/esm/requestPipeline.js:155:32)
    at async internalExecuteOperation (file:///home/alex-sondeos/Desktop/vuelders/node_modules/@apollo/server/dist/esm/ApolloServer.js:602:16)
    at async runHttpQuery (file:///home/alex-sondeos/Desktop/vuelders/node_modules/@apollo/server/dist/esm/runHttpQuery.js:129:29)
2023-07-15 23:08:36 error: query: by:anonymous Variable "$findRoleByIdId" of non-null type "ID!" must not be null. - Stacktrace: GraphQLError: Variable "$findRoleByIdId" of non-null type "ID!" must not be null.
    at coerceVariableValues (/home/alex-sondeos/Desktop/vuelders/node_modules/graphql/execution/values.js:122:9)
    at getVariableValues (/home/alex-sondeos/Desktop/vuelders/node_modules/graphql/execution/values.js:45:21)
    at buildExecutionContext (/home/alex-sondeos/Desktop/vuelders/node_modules/graphql/execution/execute.js:280:63)
    at execute (/home/alex-sondeos/Desktop/vuelders/node_modules/graphql/execution/execute.js:116:22)
    at executeIncrementally (file:///home/alex-sondeos/Desktop/vuelders/node_modules/@apollo/server/dist/esm/incrementalDeliveryPolyfill.js:21:12)
    at process.processTicksAndRejections (node:internal/process/task_queues:95:5)
    at async execute (file:///home/alex-sondeos/Desktop/vuelders/node_modules/@apollo/server/dist/esm/requestPipeline.js:226:37)
    at async processGraphQLRequest (file:///home/alex-sondeos/Desktop/vuelders/node_modules/@apollo/server/dist/esm/requestPipeline.js:155:32)
    at async internalExecuteOperation (file:///home/alex-sondeos/Desktop/vuelders/node_modules/@apollo/server/dist/esm/ApolloServer.js:602:16)
    at async runHttpQuery (file:///home/alex-sondeos/Desktop/vuelders/node_modules/@apollo/server/dist/esm/runHttpQuery.js:129:29)
2023-07-15 23:09:53 error: query:fetchPermissions by:anonymous insufficient permissions - Stacktrace: Error: insufficient permissions
    at RoleAndPermissionsQueries.fetchPermissions (file:///home/alex-sondeos/Desktop/vuelders/packages/authorization/authorization-backend/src/graphql/resolvers/roleAndPermissionsResolvers.js:38:94)
    at process.processTicksAndRejections (node:internal/process/task_queues:95:5)
2023-07-15 23:10:55 error: query: by:anonymous Variable "$findPermissionByIdId" of non-null type "ID!" must not be null. - Stacktrace: GraphQLError: Variable "$findPermissionByIdId" of non-null type "ID!" must not be null.
    at coerceVariableValues (/home/alex-sondeos/Desktop/vuelders/node_modules/graphql/execution/values.js:122:9)
    at getVariableValues (/home/alex-sondeos/Desktop/vuelders/node_modules/graphql/execution/values.js:45:21)
    at buildExecutionContext (/home/alex-sondeos/Desktop/vuelders/node_modules/graphql/execution/execute.js:280:63)
    at execute (/home/alex-sondeos/Desktop/vuelders/node_modules/graphql/execution/execute.js:116:22)
    at executeIncrementally (file:///home/alex-sondeos/Desktop/vuelders/node_modules/@apollo/server/dist/esm/incrementalDeliveryPolyfill.js:21:12)
    at process.processTicksAndRejections (node:internal/process/task_queues:95:5)
    at async execute (file:///home/alex-sondeos/Desktop/vuelders/node_modules/@apollo/server/dist/esm/requestPipeline.js:226:37)
    at async processGraphQLRequest (file:///home/alex-sondeos/Desktop/vuelders/node_modules/@apollo/server/dist/esm/requestPipeline.js:155:32)
    at async internalExecuteOperation (file:///home/alex-sondeos/Desktop/vuelders/node_modules/@apollo/server/dist/esm/ApolloServer.js:602:16)
    at async runHttpQuery (file:///home/alex-sondeos/Desktop/vuelders/node_modules/@apollo/server/dist/esm/runHttpQuery.js:129:29)
2023-07-15 23:11:34 error: query: by:anonymous Variable "$userFindByIdId" of non-null type "ID!" must not be null. - Stacktrace: GraphQLError: Variable "$userFindByIdId" of non-null type "ID!" must not be null.
    at coerceVariableValues (/home/alex-sondeos/Desktop/vuelders/node_modules/graphql/execution/values.js:122:9)
    at getVariableValues (/home/alex-sondeos/Desktop/vuelders/node_modules/graphql/execution/values.js:45:21)
    at buildExecutionContext (/home/alex-sondeos/Desktop/vuelders/node_modules/graphql/execution/execute.js:280:63)
    at execute (/home/alex-sondeos/Desktop/vuelders/node_modules/graphql/execution/execute.js:116:22)
    at executeIncrementally (file:///home/alex-sondeos/Desktop/vuelders/node_modules/@apollo/server/dist/esm/incrementalDeliveryPolyfill.js:21:12)
    at process.processTicksAndRejections (node:internal/process/task_queues:95:5)
    at async execute (file:///home/alex-sondeos/Desktop/vuelders/node_modules/@apollo/server/dist/esm/requestPipeline.js:226:37)
    at async processGraphQLRequest (file:///home/alex-sondeos/Desktop/vuelders/node_modules/@apollo/server/dist/esm/requestPipeline.js:155:32)
    at async internalExecuteOperation (file:///home/alex-sondeos/Desktop/vuelders/node_modules/@apollo/server/dist/esm/ApolloServer.js:602:16)
    at async runHttpQuery (file:///home/alex-sondeos/Desktop/vuelders/node_modules/@apollo/server/dist/esm/runHttpQuery.js:129:29)
2023-07-15 23:13:16 error: mutation:assignPermissionToRole by:anonymous Permission has not exist. - Stacktrace: Error: Permission has not exist.
    at RoleAndPermissionRepository.assignPermissionToRole (file:///home/alex-sondeos/Desktop/vuelders/packages/authorization/authorization-backend/src/repositories/RoleAndPermissionsRepository.js:82:39)
    at process.processTicksAndRejections (node:internal/process/task_queues:95:5)
    at async assignPermissionToRole (file:///home/alex-sondeos/Desktop/vuelders/packages/authorization/authorization-backend/src/services/RoleAndPermissionsServices.js:100:16)
    at async RoleAndPermissionsMutations.assignPermissionToRole (file:///home/alex-sondeos/Desktop/vuelders/packages/authorization/authorization-backend/src/graphql/resolvers/roleAndPermissionsResolvers.js:65:16)
2023-07-15 23:16:28 error: mutation:userCreateOne by:anonymous E11000 duplicate key error collection: vuelderjs.users index: username_1 dup key: { username: "test" } - Stacktrace: MongoServerError: E11000 duplicate key error collection: vuelderjs.users index: username_1 dup key: { username: "test" }
    at /home/alex-sondeos/Desktop/vuelders/node_modules/mongodb/lib/operations/insert.js:50:33
    at /home/alex-sondeos/Desktop/vuelders/node_modules/mongodb/lib/cmap/connection_pool.js:331:21
    at /home/alex-sondeos/Desktop/vuelders/node_modules/mongodb/lib/sdam/server.js:207:17
    at handleOperationResult (/home/alex-sondeos/Desktop/vuelders/node_modules/mongodb/lib/sdam/server.js:335:20)
    at Connection.onMessage (/home/alex-sondeos/Desktop/vuelders/node_modules/mongodb/lib/cmap/connection.js:206:9)
    at MessageStream.<anonymous> (/home/alex-sondeos/Desktop/vuelders/node_modules/mongodb/lib/cmap/connection.js:61:60)
    at MessageStream.emit (node:events:511:28)
    at processIncomingData (/home/alex-sondeos/Desktop/vuelders/node_modules/mongodb/lib/cmap/message_stream.js:124:16)
    at MessageStream._write (/home/alex-sondeos/Desktop/vuelders/node_modules/mongodb/lib/cmap/message_stream.js:33:9)
    at writeOrBuffer (node:internal/streams/writable:399:12)
2023-07-15 23:19:11 error: mutation:unassignPermissionToRole by:anonymous Permissions is not defined - Stacktrace: ReferenceError: Permissions is not defined
    at RoleAndPermissionRepository.unassignPermissionToRole (file:///home/alex-sondeos/Desktop/vuelders/packages/authorization/authorization-backend/src/repositories/RoleAndPermissionsRepository.js:104:36)
    at unassignPermissionToRole (file:///home/alex-sondeos/Desktop/vuelders/packages/authorization/authorization-backend/src/services/RoleAndPermissionsServices.js:111:50)
    at RoleAndPermissionsMutations.unassignPermissionToRole (file:///home/alex-sondeos/Desktop/vuelders/packages/authorization/authorization-backend/src/graphql/resolvers/roleAndPermissionsResolvers.js:71:22)
    at process.processTicksAndRejections (node:internal/process/task_queues:95:5)
2023-07-15 23:25:10 error: mutation:unassignPermissionToRole by:anonymous Cast to ObjectId failed for value "{
  name: 'Custom_Role',
  permissions: { '$in': [ new ObjectId("64b3470e3587a65bef737666") ] }
}" (type Object) at path "_id" for model "Role" - Stacktrace: CastError: Cast to ObjectId failed for value "{
  name: 'Custom_Role',
  permissions: { '$in': [ new ObjectId("64b3470e3587a65bef737666") ] }
}" (type Object) at path "_id" for model "Role"
    at ObjectId.cast (/home/alex-sondeos/Desktop/vuelders/node_modules/mongoose/lib/schema/objectid.js:248:11)
    at SchemaType.applySetters (/home/alex-sondeos/Desktop/vuelders/node_modules/mongoose/lib/schematype.js:1204:12)
    at SchemaType.castForQuery (/home/alex-sondeos/Desktop/vuelders/node_modules/mongoose/lib/schematype.js:1616:15)
    at cast (/home/alex-sondeos/Desktop/vuelders/node_modules/mongoose/lib/cast.js:298:34)
    at Query.cast (/home/alex-sondeos/Desktop/vuelders/node_modules/mongoose/lib/query.js:4886:12)
    at Query._castConditions (/home/alex-sondeos/Desktop/vuelders/node_modules/mongoose/lib/query.js:2210:10)
    at model.Query._findOne (/home/alex-sondeos/Desktop/vuelders/node_modules/mongoose/lib/query.js:2497:8)
    at model.Query.exec (/home/alex-sondeos/Desktop/vuelders/node_modules/mongoose/lib/query.js:4405:28)
    at process.processTicksAndRejections (node:internal/process/task_queues:95:5)
    at async RoleAndPermissionRepository.unassignPermissionToRole (file:///home/alex-sondeos/Desktop/vuelders/packages/authorization/authorization-backend/src/repositories/RoleAndPermissionsRepository.js:106:27)
2023-07-15 23:27:42 error: mutation:unassignPermissionToRole by:anonymous Cast to ObjectId failed for value "{ name: 'Custom_Role' }" (type Object) at path "_id" for model "Role" - Stacktrace: CastError: Cast to ObjectId failed for value "{ name: 'Custom_Role' }" (type Object) at path "_id" for model "Role"
    at ObjectId.cast (/home/alex-sondeos/Desktop/vuelders/node_modules/mongoose/lib/schema/objectid.js:248:11)
    at SchemaType.applySetters (/home/alex-sondeos/Desktop/vuelders/node_modules/mongoose/lib/schematype.js:1204:12)
    at SchemaType.castForQuery (/home/alex-sondeos/Desktop/vuelders/node_modules/mongoose/lib/schematype.js:1616:15)
    at cast (/home/alex-sondeos/Desktop/vuelders/node_modules/mongoose/lib/cast.js:298:34)
    at Query.cast (/home/alex-sondeos/Desktop/vuelders/node_modules/mongoose/lib/query.js:4886:12)
    at Query._castConditions (/home/alex-sondeos/Desktop/vuelders/node_modules/mongoose/lib/query.js:2210:10)
    at model.Query._findOne (/home/alex-sondeos/Desktop/vuelders/node_modules/mongoose/lib/query.js:2497:8)
    at model.Query.exec (/home/alex-sondeos/Desktop/vuelders/node_modules/mongoose/lib/query.js:4405:28)
    at process.processTicksAndRejections (node:internal/process/task_queues:95:5)
    at async RoleAndPermissionRepository.unassignPermissionToRole (file:///home/alex-sondeos/Desktop/vuelders/packages/authorization/authorization-backend/src/repositories/RoleAndPermissionsRepository.js:106:27)
2023-07-15 23:28:46 error: mutation:unassignPermissionToRole by:anonymous Cast to ObjectId failed for value "{ name: 'Custom_Role' }" (type Object) at path "_id" for model "Role" - Stacktrace: CastError: Cast to ObjectId failed for value "{ name: 'Custom_Role' }" (type Object) at path "_id" for model "Role"
    at ObjectId.cast (/home/alex-sondeos/Desktop/vuelders/node_modules/mongoose/lib/schema/objectid.js:248:11)
    at SchemaType.applySetters (/home/alex-sondeos/Desktop/vuelders/node_modules/mongoose/lib/schematype.js:1204:12)
    at SchemaType.castForQuery (/home/alex-sondeos/Desktop/vuelders/node_modules/mongoose/lib/schematype.js:1616:15)
    at cast (/home/alex-sondeos/Desktop/vuelders/node_modules/mongoose/lib/cast.js:298:34)
    at Query.cast (/home/alex-sondeos/Desktop/vuelders/node_modules/mongoose/lib/query.js:4886:12)
    at Query._castConditions (/home/alex-sondeos/Desktop/vuelders/node_modules/mongoose/lib/query.js:2210:10)
    at model.Query._findOne (/home/alex-sondeos/Desktop/vuelders/node_modules/mongoose/lib/query.js:2497:8)
    at model.Query.exec (/home/alex-sondeos/Desktop/vuelders/node_modules/mongoose/lib/query.js:4405:28)
    at process.processTicksAndRejections (node:internal/process/task_queues:95:5)
    at async RoleAndPermissionRepository.unassignPermissionToRole (file:///home/alex-sondeos/Desktop/vuelders/packages/authorization/authorization-backend/src/repositories/RoleAndPermissionsRepository.js:106:27)
2023-07-15 23:33:32 error: query:loguinUser by:anonymous Invalid Credentials. - Stacktrace: Error: Invalid Credentials.
    at loguinUserService (file:///home/alex-sondeos/Desktop/vuelders/packages/authorization/authorization-backend/src/services/UserServices.js:60:15)
    at async RoleAndPermissionsQueries.loguinUser (file:///home/alex-sondeos/Desktop/vuelders/packages/authorization/authorization-backend/src/graphql/resolvers/userResolvers.js:30:16)
2023-07-15 23:38:40 error: mutation: by:anonymous Variable "$upgrade" got invalid value { password: "test.1234" }; Field "username" of required type "String!" was not provided. - Stacktrace: GraphQLError: Field "username" of required type "String!" was not provided.
    at coerceInputValueImpl (/home/alex-sondeos/Desktop/vuelders/node_modules/graphql/utilities/coerceInputValue.js:108:13)
    at coerceInputValue (/home/alex-sondeos/Desktop/vuelders/node_modules/graphql/utilities/coerceInputValue.js:32:10)
    at coerceVariableValues (/home/alex-sondeos/Desktop/vuelders/node_modules/graphql/execution/values.js:132:69)
    at getVariableValues (/home/alex-sondeos/Desktop/vuelders/node_modules/graphql/execution/values.js:45:21)
    at buildExecutionContext (/home/alex-sondeos/Desktop/vuelders/node_modules/graphql/execution/execute.js:280:63)
    at execute (/home/alex-sondeos/Desktop/vuelders/node_modules/graphql/execution/execute.js:116:22)
    at executeIncrementally (file:///home/alex-sondeos/Desktop/vuelders/node_modules/@apollo/server/dist/esm/incrementalDeliveryPolyfill.js:21:12)
    at process.processTicksAndRejections (node:internal/process/task_queues:95:5)
    at async execute (file:///home/alex-sondeos/Desktop/vuelders/node_modules/@apollo/server/dist/esm/requestPipeline.js:226:37)
    at async processGraphQLRequest (file:///home/alex-sondeos/Desktop/vuelders/node_modules/@apollo/server/dist/esm/requestPipeline.js:155:32)
2023-07-15 23:38:40 error: mutation: by:anonymous Variable "$upgrade" got invalid value { password: "test.1234" }; Field "email" of required type "String!" was not provided. - Stacktrace: GraphQLError: Field "email" of required type "String!" was not provided.
    at coerceInputValueImpl (/home/alex-sondeos/Desktop/vuelders/node_modules/graphql/utilities/coerceInputValue.js:108:13)
    at coerceInputValue (/home/alex-sondeos/Desktop/vuelders/node_modules/graphql/utilities/coerceInputValue.js:32:10)
    at coerceVariableValues (/home/alex-sondeos/Desktop/vuelders/node_modules/graphql/execution/values.js:132:69)
    at getVariableValues (/home/alex-sondeos/Desktop/vuelders/node_modules/graphql/execution/values.js:45:21)
    at buildExecutionContext (/home/alex-sondeos/Desktop/vuelders/node_modules/graphql/execution/execute.js:280:63)
    at execute (/home/alex-sondeos/Desktop/vuelders/node_modules/graphql/execution/execute.js:116:22)
    at executeIncrementally (file:///home/alex-sondeos/Desktop/vuelders/node_modules/@apollo/server/dist/esm/incrementalDeliveryPolyfill.js:21:12)
    at process.processTicksAndRejections (node:internal/process/task_queues:95:5)
    at async execute (file:///home/alex-sondeos/Desktop/vuelders/node_modules/@apollo/server/dist/esm/requestPipeline.js:226:37)
    at async processGraphQLRequest (file:///home/alex-sondeos/Desktop/vuelders/node_modules/@apollo/server/dist/esm/requestPipeline.js:155:32)
2023-07-15 23:39:37 error: : by:anonymous Variable "$upgrade" of type "UserInput" used in position expecting type "UpdateUserInput". - Stacktrace: GraphQLError: Variable "$upgrade" of type "UserInput" used in position expecting type "UpdateUserInput".
    at Object.leave (/home/alex-sondeos/Desktop/vuelders/node_modules/graphql/validation/rules/VariablesInAllowedPositionRule.js:64:17)
    at Object.leave (/home/alex-sondeos/Desktop/vuelders/node_modules/graphql/language/visitor.js:324:32)
    at Object.leave (/home/alex-sondeos/Desktop/vuelders/node_modules/graphql/utilities/TypeInfo.js:411:21)
    at visit (/home/alex-sondeos/Desktop/vuelders/node_modules/graphql/language/visitor.js:197:21)
    at validate (/home/alex-sondeos/Desktop/vuelders/node_modules/graphql/validation/validate.js:91:24)
    at processGraphQLRequest (file:///home/alex-sondeos/Desktop/vuelders/node_modules/@apollo/server/dist/esm/requestPipeline.js:97:34)
    at process.processTicksAndRejections (node:internal/process/task_queues:95:5)
    at async internalExecuteOperation (file:///home/alex-sondeos/Desktop/vuelders/node_modules/@apollo/server/dist/esm/ApolloServer.js:602:16)
    at async runHttpQuery (file:///home/alex-sondeos/Desktop/vuelders/node_modules/@apollo/server/dist/esm/runHttpQuery.js:129:29)
    at async runPotentiallyBatchedHttpQuery (file:///home/alex-sondeos/Desktop/vuelders/node_modules/@apollo/server/dist/esm/httpBatching.js:34:16)
2023-07-15 23:40:07 error: : by:anonymous Variable "$upgrade" of type "UpdateUserInput" used in position expecting type "UpdateUserInput!". - Stacktrace: GraphQLError: Variable "$upgrade" of type "UpdateUserInput" used in position expecting type "UpdateUserInput!".
    at Object.leave (/home/alex-sondeos/Desktop/vuelders/node_modules/graphql/validation/rules/VariablesInAllowedPositionRule.js:64:17)
    at Object.leave (/home/alex-sondeos/Desktop/vuelders/node_modules/graphql/language/visitor.js:324:32)
    at Object.leave (/home/alex-sondeos/Desktop/vuelders/node_modules/graphql/utilities/TypeInfo.js:411:21)
    at visit (/home/alex-sondeos/Desktop/vuelders/node_modules/graphql/language/visitor.js:197:21)
    at validate (/home/alex-sondeos/Desktop/vuelders/node_modules/graphql/validation/validate.js:91:24)
    at processGraphQLRequest (file:///home/alex-sondeos/Desktop/vuelders/node_modules/@apollo/server/dist/esm/requestPipeline.js:97:34)
    at process.processTicksAndRejections (node:internal/process/task_queues:95:5)
    at async internalExecuteOperation (file:///home/alex-sondeos/Desktop/vuelders/node_modules/@apollo/server/dist/esm/ApolloServer.js:602:16)
    at async runHttpQuery (file:///home/alex-sondeos/Desktop/vuelders/node_modules/@apollo/server/dist/esm/runHttpQuery.js:129:29)
    at async runPotentiallyBatchedHttpQuery (file:///home/alex-sondeos/Desktop/vuelders/node_modules/@apollo/server/dist/esm/httpBatching.js:34:16)
2023-07-16 01:16:10 error: query: by:anonymous Variable "$findPermissionByIdId" of non-null type "ID!" must not be null. - Stacktrace: GraphQLError: Variable "$findPermissionByIdId" of non-null type "ID!" must not be null.
    at coerceVariableValues (/home/alex-sondeos/Desktop/vuelders/node_modules/graphql/execution/values.js:122:9)
    at getVariableValues (/home/alex-sondeos/Desktop/vuelders/node_modules/graphql/execution/values.js:45:21)
    at buildExecutionContext (/home/alex-sondeos/Desktop/vuelders/node_modules/graphql/execution/execute.js:280:63)
    at execute (/home/alex-sondeos/Desktop/vuelders/node_modules/graphql/execution/execute.js:116:22)
    at executeIncrementally (file:///home/alex-sondeos/Desktop/vuelders/node_modules/@apollo/server/dist/esm/incrementalDeliveryPolyfill.js:21:12)
    at process.processTicksAndRejections (node:internal/process/task_queues:95:5)
    at async execute (file:///home/alex-sondeos/Desktop/vuelders/node_modules/@apollo/server/dist/esm/requestPipeline.js:226:37)
    at async processGraphQLRequest (file:///home/alex-sondeos/Desktop/vuelders/node_modules/@apollo/server/dist/esm/requestPipeline.js:155:32)
    at async internalExecuteOperation (file:///home/alex-sondeos/Desktop/vuelders/node_modules/@apollo/server/dist/esm/ApolloServer.js:602:16)
    at async runHttpQuery (file:///home/alex-sondeos/Desktop/vuelders/node_modules/@apollo/server/dist/esm/runHttpQuery.js:129:29)
2023-07-16 01:18:45 error: query:loguinUser by:anonymous InternalServerError is not defined - Stacktrace: ReferenceError: InternalServerError is not defined
    at RoleAndPermissionsQueries.loguinUser (file:///home/alex-sondeos/Desktop/vuelders/packages/authorization/authorization-backend/src/graphql/resolvers/userResolvers.js:33:35)
    at process.processTicksAndRejections (node:internal/process/task_queues:95:5)
2023-07-16 01:19:32 error: query:loguinUser by:anonymous InternalServerError is not defined - Stacktrace: ReferenceError: InternalServerError is not defined
    at RoleAndPermissionsQueries.loguinUser (file:///home/alex-sondeos/Desktop/vuelders/packages/authorization/authorization-backend/src/graphql/resolvers/userResolvers.js:33:35)
    at process.processTicksAndRejections (node:internal/process/task_queues:95:5)
2023-07-16 01:19:40 error: query:loguinUser by:anonymous Cannot read properties of null (reading 'password') - Stacktrace: TypeError: Cannot read properties of null (reading 'password')
    at loguinUserService (file:///home/alex-sondeos/Desktop/vuelders/packages/authorization/authorization-backend/src/services/UserServices.js:66:52)
    at process.processTicksAndRejections (node:internal/process/task_queues:95:5)
    at async RoleAndPermissionsQueries.loguinUser (file:///home/alex-sondeos/Desktop/vuelders/packages/authorization/authorization-backend/src/graphql/resolvers/userResolvers.js:31:20)
2023-07-16 01:21:55 error: query:loguinUser by:anonymous User not found. - Stacktrace: NotFoundError: User not found.
    at loguinUserService (file:///home/alex-sondeos/Desktop/vuelders/packages/authorization/authorization-backend/src/services/UserServices.js:66:29)
    at process.processTicksAndRejections (node:internal/process/task_queues:95:5)
    at async RoleAndPermissionsQueries.loguinUser (file:///home/alex-sondeos/Desktop/vuelders/packages/authorization/authorization-backend/src/graphql/resolvers/userResolvers.js:31:20)
2023-07-16 01:24:31 error: query:loguinUser by:anonymous User not found. - Stacktrace: NotFoundError: User not found.
    at loguinUserService (file:///home/alex-sondeos/Desktop/vuelders/packages/authorization/authorization-backend/src/services/UserServices.js:66:29)
    at process.processTicksAndRejections (node:internal/process/task_queues:95:5)
    at async RoleAndPermissionsQueries.loguinUser (file:///home/alex-sondeos/Desktop/vuelders/packages/authorization/authorization-backend/src/graphql/resolvers/userResolvers.js:31:20)
2023-07-16 01:24:34 error: query:loguinUser by:anonymous User not found. - Stacktrace: NotFoundError: User not found.
    at loguinUserService (file:///home/alex-sondeos/Desktop/vuelders/packages/authorization/authorization-backend/src/services/UserServices.js:66:29)
    at process.processTicksAndRejections (node:internal/process/task_queues:95:5)
    at async RoleAndPermissionsQueries.loguinUser (file:///home/alex-sondeos/Desktop/vuelders/packages/authorization/authorization-backend/src/graphql/resolvers/userResolvers.js:31:20)
2023-07-16 01:25:02 error: query:loguinUser by:anonymous User not found. - Stacktrace: NotFoundError: User not found.
    at loguinUserService (file:///home/alex-sondeos/Desktop/vuelders/packages/authorization/authorization-backend/src/services/UserServices.js:66:29)
    at process.processTicksAndRejections (node:internal/process/task_queues:95:5)
    at async RoleAndPermissionsQueries.loguinUser (file:///home/alex-sondeos/Desktop/vuelders/packages/authorization/authorization-backend/src/graphql/resolvers/userResolvers.js:31:20)
2023-07-16 01:26:53 error: query:loguinUser by:anonymous [object Object] - Stacktrace: NotFoundError: [object Object]
    at loguinUserService (file:///home/alex-sondeos/Desktop/vuelders/packages/authorization/authorization-backend/src/services/UserServices.js:66:29)
    at process.processTicksAndRejections (node:internal/process/task_queues:95:5)
    at async RoleAndPermissionsQueries.loguinUser (file:///home/alex-sondeos/Desktop/vuelders/packages/authorization/authorization-backend/src/graphql/resolvers/userResolvers.js:31:20)
2023-07-16 01:27:15 error: query:loguinUser by:anonymous [object Object] - Stacktrace: NotFoundError: [object Object]
    at loguinUserService (file:///home/alex-sondeos/Desktop/vuelders/packages/authorization/authorization-backend/src/services/UserServices.js:66:29)
    at process.processTicksAndRejections (node:internal/process/task_queues:95:5)
    at async RoleAndPermissionsQueries.loguinUser (file:///home/alex-sondeos/Desktop/vuelders/packages/authorization/authorization-backend/src/graphql/resolvers/userResolvers.js:31:20)
2023-07-16 01:27:23 error: query:loguinUser by:anonymous {"status":404,"code":"NOT_FOUND_ERROR","message":"User not found."} - Stacktrace: NotFoundError: {"status":404,"code":"NOT_FOUND_ERROR","message":"User not found."}
    at loguinUserService (file:///home/alex-sondeos/Desktop/vuelders/packages/authorization/authorization-backend/src/services/UserServices.js:66:29)
    at process.processTicksAndRejections (node:internal/process/task_queues:95:5)
    at async RoleAndPermissionsQueries.loguinUser (file:///home/alex-sondeos/Desktop/vuelders/packages/authorization/authorization-backend/src/graphql/resolvers/userResolvers.js:31:20)
